{"C:\\Users\\Administrador\\Documents\\GitHub\\Proyecto-Mod-final-6\\user-data.ts": {"path":"C:\\Users\\Administrador\\Documents\\GitHub\\Proyecto-Mod-final-6\\user-data.ts","all":false,"statementMap":{"0":{"start":{"line":1,"column":0},"end":{"line":1,"column":25}},"1":{"start":{"line":2,"column":0},"end":{"line":2,"column":17}},"2":{"start":{"line":3,"column":0},"end":{"line":3,"column":17}},"3":{"start":{"line":4,"column":0},"end":{"line":4,"column":41}},"4":{"start":{"line":5,"column":0},"end":{"line":5,"column":21}},"5":{"start":{"line":6,"column":0},"end":{"line":6,"column":24}},"6":{"start":{"line":7,"column":0},"end":{"line":7,"column":2}},"7":{"start":{"line":8,"column":0},"end":{"line":8,"column":0}},"8":{"start":{"line":9,"column":0},"end":{"line":9,"column":0}},"9":{"start":{"line":10,"column":0},"end":{"line":10,"column":23}},"10":{"start":{"line":11,"column":0},"end":{"line":11,"column":11}},"11":{"start":{"line":12,"column":0},"end":{"line":12,"column":25}},"12":{"start":{"line":13,"column":0},"end":{"line":13,"column":23}},"13":{"start":{"line":14,"column":0},"end":{"line":14,"column":11}},"14":{"start":{"line":15,"column":0},"end":{"line":15,"column":13}},"15":{"start":{"line":16,"column":0},"end":{"line":16,"column":1}}},"s":{"0":1,"1":1,"2":1,"3":1,"4":1,"5":1,"6":1,"7":1,"8":1,"9":1,"10":1,"11":1,"12":1,"13":1,"14":1,"15":1},"branchMap":{},"b":{},"fnMap":{},"f":{}}
,"C:\\Users\\Administrador\\Documents\\GitHub\\Proyecto-Mod-final-6\\src\\core\\driver.ts": {"path":"C:\\Users\\Administrador\\Documents\\GitHub\\Proyecto-Mod-final-6\\src\\core\\driver.ts","all":false,"statementMap":{"0":{"start":{"line":1,"column":0},"end":{"line":1,"column":108}},"1":{"start":{"line":2,"column":0},"end":{"line":2,"column":0}},"2":{"start":{"line":3,"column":0},"end":{"line":3,"column":0}},"3":{"start":{"line":4,"column":0},"end":{"line":4,"column":21}},"4":{"start":{"line":5,"column":0},"end":{"line":5,"column":39}},"5":{"start":{"line":6,"column":0},"end":{"line":6,"column":24}},"6":{"start":{"line":7,"column":0},"end":{"line":7,"column":30}},"7":{"start":{"line":8,"column":0},"end":{"line":8,"column":36}},"8":{"start":{"line":9,"column":0},"end":{"line":9,"column":34}},"9":{"start":{"line":10,"column":0},"end":{"line":10,"column":0}},"10":{"start":{"line":11,"column":0},"end":{"line":11,"column":27}},"11":{"start":{"line":12,"column":0},"end":{"line":12,"column":0}},"12":{"start":{"line":13,"column":0},"end":{"line":13,"column":49}},"13":{"start":{"line":14,"column":0},"end":{"line":14,"column":52}},"14":{"start":{"line":15,"column":0},"end":{"line":15,"column":51}},"15":{"start":{"line":16,"column":0},"end":{"line":16,"column":51}},"16":{"start":{"line":17,"column":0},"end":{"line":17,"column":12}},"17":{"start":{"line":18,"column":0},"end":{"line":18,"column":39}},"18":{"start":{"line":19,"column":0},"end":{"line":19,"column":89}},"19":{"start":{"line":20,"column":0},"end":{"line":20,"column":52}},"20":{"start":{"line":21,"column":0},"end":{"line":21,"column":9}},"21":{"start":{"line":22,"column":0},"end":{"line":22,"column":28}},"22":{"start":{"line":23,"column":0},"end":{"line":23,"column":9}},"23":{"start":{"line":24,"column":0},"end":{"line":24,"column":10}},"24":{"start":{"line":25,"column":0},"end":{"line":25,"column":55}},"25":{"start":{"line":26,"column":0},"end":{"line":26,"column":49}},"26":{"start":{"line":27,"column":0},"end":{"line":27,"column":6}},"27":{"start":{"line":28,"column":0},"end":{"line":28,"column":5}},"28":{"start":{"line":29,"column":0},"end":{"line":29,"column":0}},"29":{"start":{"line":30,"column":0},"end":{"line":30,"column":22}},"30":{"start":{"line":31,"column":0},"end":{"line":31,"column":25}},"31":{"start":{"line":32,"column":0},"end":{"line":32,"column":5}},"32":{"start":{"line":33,"column":0},"end":{"line":33,"column":0}},"33":{"start":{"line":34,"column":0},"end":{"line":34,"column":26}},"34":{"start":{"line":35,"column":0},"end":{"line":35,"column":48}},"35":{"start":{"line":36,"column":0},"end":{"line":36,"column":39}},"36":{"start":{"line":37,"column":0},"end":{"line":37,"column":9}},"37":{"start":{"line":38,"column":0},"end":{"line":38,"column":27}},"38":{"start":{"line":39,"column":0},"end":{"line":39,"column":5}},"39":{"start":{"line":40,"column":0},"end":{"line":40,"column":0}},"40":{"start":{"line":41,"column":0},"end":{"line":41,"column":0}},"41":{"start":{"line":42,"column":0},"end":{"line":42,"column":0}},"42":{"start":{"line":43,"column":0},"end":{"line":43,"column":47}},"43":{"start":{"line":44,"column":0},"end":{"line":44,"column":47}},"44":{"start":{"line":45,"column":0},"end":{"line":45,"column":51}},"45":{"start":{"line":46,"column":0},"end":{"line":46,"column":26}},"46":{"start":{"line":47,"column":0},"end":{"line":47,"column":11}},"47":{"start":{"line":48,"column":0},"end":{"line":48,"column":5}},"48":{"start":{"line":49,"column":0},"end":{"line":49,"column":24}},"49":{"start":{"line":50,"column":0},"end":{"line":50,"column":5}},"50":{"start":{"line":51,"column":0},"end":{"line":51,"column":35}},"51":{"start":{"line":52,"column":0},"end":{"line":52,"column":41}},"52":{"start":{"line":53,"column":0},"end":{"line":53,"column":5}},"53":{"start":{"line":54,"column":0},"end":{"line":54,"column":0}},"54":{"start":{"line":55,"column":0},"end":{"line":55,"column":80}},"55":{"start":{"line":56,"column":0},"end":{"line":56,"column":60}},"56":{"start":{"line":57,"column":0},"end":{"line":57,"column":29}},"57":{"start":{"line":58,"column":0},"end":{"line":58,"column":29}},"58":{"start":{"line":59,"column":0},"end":{"line":59,"column":26}},"59":{"start":{"line":60,"column":0},"end":{"line":60,"column":9}},"60":{"start":{"line":61,"column":0},"end":{"line":61,"column":51}},"61":{"start":{"line":62,"column":0},"end":{"line":62,"column":77}},"62":{"start":{"line":63,"column":0},"end":{"line":63,"column":9}},"63":{"start":{"line":64,"column":0},"end":{"line":64,"column":37}},"64":{"start":{"line":65,"column":0},"end":{"line":65,"column":5}},"65":{"start":{"line":66,"column":0},"end":{"line":66,"column":4}},"66":{"start":{"line":67,"column":0},"end":{"line":67,"column":1}},"67":{"start":{"line":68,"column":0},"end":{"line":68,"column":0}},"68":{"start":{"line":69,"column":0},"end":{"line":69,"column":0}},"69":{"start":{"line":70,"column":0},"end":{"line":70,"column":52}}},"s":{"0":1,"1":1,"2":1,"3":1,"4":1,"5":1,"6":1,"7":1,"8":1,"9":1,"10":1,"11":1,"12":1,"13":5,"14":5,"15":5,"16":5,"17":5,"18":5,"19":5,"20":5,"21":5,"22":5,"23":5,"24":5,"25":5,"26":5,"27":5,"28":1,"29":1,"30":160,"31":160,"32":1,"33":1,"34":5,"35":5,"36":5,"37":5,"38":5,"39":1,"40":1,"41":1,"42":1,"43":0,"44":0,"45":0,"46":0,"47":0,"48":1,"49":1,"50":1,"51":1,"52":1,"53":1,"54":1,"55":5,"56":5,"57":5,"58":5,"59":5,"60":5,"61":0,"62":0,"63":5,"64":5,"65":1,"66":1,"67":1,"68":1,"69":1},"branchMap":{"0":{"type":"branch","line":11,"loc":{"start":{"line":11,"column":4},"end":{"line":11,"column":27}},"locations":[{"start":{"line":11,"column":4},"end":{"line":11,"column":27}}]},"1":{"type":"branch","line":13,"loc":{"start":{"line":13,"column":10},"end":{"line":28,"column":5}},"locations":[{"start":{"line":13,"column":10},"end":{"line":28,"column":5}}]},"2":{"type":"branch","line":30,"loc":{"start":{"line":30,"column":4},"end":{"line":32,"column":5}},"locations":[{"start":{"line":30,"column":4},"end":{"line":32,"column":5}}]},"3":{"type":"branch","line":34,"loc":{"start":{"line":34,"column":11},"end":{"line":39,"column":5}},"locations":[{"start":{"line":34,"column":11},"end":{"line":39,"column":5}}]},"4":{"type":"branch","line":49,"loc":{"start":{"line":49,"column":10},"end":{"line":53,"column":5}},"locations":[{"start":{"line":49,"column":10},"end":{"line":53,"column":5}}]},"5":{"type":"branch","line":55,"loc":{"start":{"line":55,"column":18},"end":{"line":65,"column":5}},"locations":[{"start":{"line":55,"column":18},"end":{"line":65,"column":5}}]},"6":{"type":"branch","line":61,"loc":{"start":{"line":61,"column":50},"end":{"line":63,"column":9}},"locations":[{"start":{"line":61,"column":50},"end":{"line":63,"column":9}}]}},"b":{"0":[5],"1":[5],"2":[160],"3":[5],"4":[1],"5":[5],"6":[0]},"fnMap":{"0":{"name":"Driver","decl":{"start":{"line":11,"column":4},"end":{"line":11,"column":27}},"loc":{"start":{"line":11,"column":4},"end":{"line":11,"column":27}},"line":11},"1":{"name":"start","decl":{"start":{"line":13,"column":10},"end":{"line":28,"column":5}},"loc":{"start":{"line":13,"column":10},"end":{"line":28,"column":5}},"line":13},"2":{"name":"get Page","decl":{"start":{"line":30,"column":4},"end":{"line":32,"column":5}},"loc":{"start":{"line":30,"column":4},"end":{"line":32,"column":5}},"line":30},"3":{"name":"getInstance","decl":{"start":{"line":34,"column":11},"end":{"line":39,"column":5}},"loc":{"start":{"line":34,"column":11},"end":{"line":39,"column":5}},"line":34},"4":{"name":"isElementDisplayed","decl":{"start":{"line":43,"column":10},"end":{"line":48,"column":5}},"loc":{"start":{"line":43,"column":10},"end":{"line":48,"column":5}},"line":43},"5":{"name":"closeDriver","decl":{"start":{"line":49,"column":10},"end":{"line":53,"column":5}},"loc":{"start":{"line":49,"column":10},"end":{"line":53,"column":5}},"line":49},"6":{"name":"browserFactory","decl":{"start":{"line":55,"column":18},"end":{"line":65,"column":5}},"loc":{"start":{"line":55,"column":18},"end":{"line":65,"column":5}},"line":55}},"f":{"0":5,"1":5,"2":160,"3":5,"4":0,"5":1,"6":5}}
,"C:\\Users\\Administrador\\Documents\\GitHub\\Proyecto-Mod-final-6\\src\\core\\element-actions.ts": {"path":"C:\\Users\\Administrador\\Documents\\GitHub\\Proyecto-Mod-final-6\\src\\core\\element-actions.ts","all":false,"statementMap":{"0":{"start":{"line":1,"column":0},"end":{"line":1,"column":42}},"1":{"start":{"line":2,"column":0},"end":{"line":2,"column":0}},"2":{"start":{"line":3,"column":0},"end":{"line":3,"column":29}},"3":{"start":{"line":4,"column":0},"end":{"line":4,"column":0}},"4":{"start":{"line":5,"column":0},"end":{"line":5,"column":41}},"5":{"start":{"line":6,"column":0},"end":{"line":6,"column":59}},"6":{"start":{"line":7,"column":0},"end":{"line":7,"column":49}},"7":{"start":{"line":8,"column":0},"end":{"line":8,"column":5}},"8":{"start":{"line":9,"column":0},"end":{"line":9,"column":0}},"9":{"start":{"line":10,"column":0},"end":{"line":10,"column":72}},"10":{"start":{"line":11,"column":0},"end":{"line":11,"column":59}},"11":{"start":{"line":12,"column":0},"end":{"line":12,"column":54}},"12":{"start":{"line":13,"column":0},"end":{"line":13,"column":5}},"13":{"start":{"line":14,"column":0},"end":{"line":14,"column":70}},"14":{"start":{"line":15,"column":0},"end":{"line":15,"column":59}},"15":{"start":{"line":16,"column":0},"end":{"line":16,"column":61}},"16":{"start":{"line":17,"column":0},"end":{"line":17,"column":26}},"17":{"start":{"line":18,"column":0},"end":{"line":18,"column":11}},"18":{"start":{"line":19,"column":0},"end":{"line":19,"column":5}},"19":{"start":{"line":20,"column":0},"end":{"line":20,"column":67}},"20":{"start":{"line":21,"column":0},"end":{"line":21,"column":59}},"21":{"start":{"line":22,"column":0},"end":{"line":22,"column":60}},"22":{"start":{"line":23,"column":0},"end":{"line":23,"column":5}},"23":{"start":{"line":24,"column":0},"end":{"line":24,"column":45}},"24":{"start":{"line":25,"column":0},"end":{"line":25,"column":59}},"25":{"start":{"line":26,"column":0},"end":{"line":26,"column":49}},"26":{"start":{"line":27,"column":0},"end":{"line":27,"column":5}},"27":{"start":{"line":28,"column":0},"end":{"line":28,"column":0}},"28":{"start":{"line":29,"column":0},"end":{"line":29,"column":0}},"29":{"start":{"line":30,"column":0},"end":{"line":30,"column":35}},"30":{"start":{"line":31,"column":0},"end":{"line":31,"column":70}},"31":{"start":{"line":32,"column":0},"end":{"line":32,"column":5}},"32":{"start":{"line":33,"column":0},"end":{"line":33,"column":46}},"33":{"start":{"line":34,"column":0},"end":{"line":34,"column":63}},"34":{"start":{"line":35,"column":0},"end":{"line":35,"column":56}},"35":{"start":{"line":36,"column":0},"end":{"line":36,"column":5}},"36":{"start":{"line":37,"column":0},"end":{"line":37,"column":0}},"37":{"start":{"line":38,"column":0},"end":{"line":38,"column":53}},"38":{"start":{"line":39,"column":0},"end":{"line":39,"column":55}},"39":{"start":{"line":40,"column":0},"end":{"line":40,"column":5}},"40":{"start":{"line":41,"column":0},"end":{"line":41,"column":0}},"41":{"start":{"line":42,"column":0},"end":{"line":42,"column":44}},"42":{"start":{"line":43,"column":0},"end":{"line":43,"column":54}},"43":{"start":{"line":44,"column":0},"end":{"line":44,"column":5}},"44":{"start":{"line":45,"column":0},"end":{"line":45,"column":0}},"45":{"start":{"line":46,"column":0},"end":{"line":46,"column":32}},"46":{"start":{"line":47,"column":0},"end":{"line":47,"column":60}},"47":{"start":{"line":48,"column":0},"end":{"line":48,"column":5}},"48":{"start":{"line":49,"column":0},"end":{"line":49,"column":0}},"49":{"start":{"line":50,"column":0},"end":{"line":50,"column":42}},"50":{"start":{"line":51,"column":0},"end":{"line":51,"column":51}},"51":{"start":{"line":52,"column":0},"end":{"line":52,"column":5}},"52":{"start":{"line":53,"column":0},"end":{"line":53,"column":47}},"53":{"start":{"line":54,"column":0},"end":{"line":54,"column":60}},"54":{"start":{"line":55,"column":0},"end":{"line":55,"column":5}},"55":{"start":{"line":56,"column":0},"end":{"line":56,"column":44}},"56":{"start":{"line":57,"column":0},"end":{"line":57,"column":51}},"57":{"start":{"line":58,"column":0},"end":{"line":58,"column":7}},"58":{"start":{"line":59,"column":0},"end":{"line":59,"column":0}},"59":{"start":{"line":60,"column":0},"end":{"line":60,"column":30}},"60":{"start":{"line":61,"column":0},"end":{"line":61,"column":54}},"61":{"start":{"line":62,"column":0},"end":{"line":62,"column":101}},"62":{"start":{"line":63,"column":0},"end":{"line":63,"column":5}},"63":{"start":{"line":64,"column":0},"end":{"line":64,"column":0}},"64":{"start":{"line":65,"column":0},"end":{"line":65,"column":25}},"65":{"start":{"line":66,"column":0},"end":{"line":66,"column":32}},"66":{"start":{"line":67,"column":0},"end":{"line":67,"column":5}},"67":{"start":{"line":68,"column":0},"end":{"line":68,"column":0}},"68":{"start":{"line":69,"column":0},"end":{"line":69,"column":1}}},"s":{"0":1,"1":1,"2":1,"3":1,"4":1,"5":53,"6":53,"7":53,"8":1,"9":1,"10":0,"11":0,"12":0,"13":1,"14":0,"15":0,"16":0,"17":0,"18":0,"19":1,"20":5,"21":5,"22":5,"23":1,"24":0,"25":0,"26":0,"27":1,"28":1,"29":1,"30":5,"31":5,"32":1,"33":7,"34":7,"35":7,"36":1,"37":1,"38":10,"39":10,"40":1,"41":1,"42":7,"43":7,"44":1,"45":1,"46":0,"47":0,"48":1,"49":1,"50":4,"51":4,"52":1,"53":3,"54":3,"55":1,"56":1,"57":1,"58":1,"59":1,"60":0,"61":0,"62":0,"63":1,"64":1,"65":1,"66":1,"67":1,"68":1},"branchMap":{"0":{"type":"branch","line":5,"loc":{"start":{"line":5,"column":17},"end":{"line":8,"column":5}},"locations":[{"start":{"line":5,"column":17},"end":{"line":8,"column":5}}]},"1":{"type":"branch","line":20,"loc":{"start":{"line":20,"column":17},"end":{"line":23,"column":5}},"locations":[{"start":{"line":20,"column":17},"end":{"line":23,"column":5}}]},"2":{"type":"branch","line":30,"loc":{"start":{"line":30,"column":17},"end":{"line":32,"column":5}},"locations":[{"start":{"line":30,"column":17},"end":{"line":32,"column":5}}]},"3":{"type":"branch","line":33,"loc":{"start":{"line":33,"column":17},"end":{"line":36,"column":5}},"locations":[{"start":{"line":33,"column":17},"end":{"line":36,"column":5}}]},"4":{"type":"branch","line":38,"loc":{"start":{"line":38,"column":17},"end":{"line":40,"column":5}},"locations":[{"start":{"line":38,"column":17},"end":{"line":40,"column":5}}]},"5":{"type":"branch","line":42,"loc":{"start":{"line":42,"column":17},"end":{"line":44,"column":5}},"locations":[{"start":{"line":42,"column":17},"end":{"line":44,"column":5}}]},"6":{"type":"branch","line":50,"loc":{"start":{"line":50,"column":17},"end":{"line":52,"column":5}},"locations":[{"start":{"line":50,"column":17},"end":{"line":52,"column":5}}]},"7":{"type":"branch","line":53,"loc":{"start":{"line":53,"column":17},"end":{"line":55,"column":5}},"locations":[{"start":{"line":53,"column":17},"end":{"line":55,"column":5}}]},"8":{"type":"branch","line":65,"loc":{"start":{"line":65,"column":17},"end":{"line":67,"column":5}},"locations":[{"start":{"line":65,"column":17},"end":{"line":67,"column":5}}]}},"b":{"0":[53],"1":[5],"2":[5],"3":[7],"4":[10],"5":[7],"6":[4],"7":[3],"8":[1]},"fnMap":{"0":{"name":"click","decl":{"start":{"line":5,"column":17},"end":{"line":8,"column":5}},"loc":{"start":{"line":5,"column":17},"end":{"line":8,"column":5}},"line":5},"1":{"name":"setText","decl":{"start":{"line":10,"column":17},"end":{"line":13,"column":5}},"loc":{"start":{"line":10,"column":17},"end":{"line":13,"column":5}},"line":10},"2":{"name":"isElementVisible","decl":{"start":{"line":14,"column":17},"end":{"line":19,"column":5}},"loc":{"start":{"line":14,"column":17},"end":{"line":19,"column":5}},"line":14},"3":{"name":"getElementText","decl":{"start":{"line":20,"column":17},"end":{"line":23,"column":5}},"loc":{"start":{"line":20,"column":17},"end":{"line":23,"column":5}},"line":20},"4":{"name":"ClickText","decl":{"start":{"line":24,"column":17},"end":{"line":27,"column":5}},"loc":{"start":{"line":24,"column":17},"end":{"line":27,"column":5}},"line":24},"5":{"name":"goto","decl":{"start":{"line":30,"column":17},"end":{"line":32,"column":5}},"loc":{"start":{"line":30,"column":17},"end":{"line":32,"column":5}},"line":30},"6":{"name":"textContent","decl":{"start":{"line":33,"column":17},"end":{"line":36,"column":5}},"loc":{"start":{"line":33,"column":17},"end":{"line":36,"column":5}},"line":33},"7":{"name":"fill","decl":{"start":{"line":38,"column":17},"end":{"line":40,"column":5}},"loc":{"start":{"line":38,"column":17},"end":{"line":40,"column":5}},"line":38},"8":{"name":"innerText","decl":{"start":{"line":42,"column":17},"end":{"line":44,"column":5}},"loc":{"start":{"line":42,"column":17},"end":{"line":44,"column":5}},"line":42},"9":{"name":"downloadFile","decl":{"start":{"line":46,"column":17},"end":{"line":48,"column":5}},"loc":{"start":{"line":46,"column":17},"end":{"line":48,"column":5}},"line":46},"10":{"name":"waitForTimeout","decl":{"start":{"line":50,"column":17},"end":{"line":52,"column":5}},"loc":{"start":{"line":50,"column":17},"end":{"line":52,"column":5}},"line":50},"11":{"name":"locatorCount","decl":{"start":{"line":53,"column":17},"end":{"line":55,"column":5}},"loc":{"start":{"line":53,"column":17},"end":{"line":55,"column":5}},"line":53},"12":{"name":"screenshot","decl":{"start":{"line":60,"column":17},"end":{"line":63,"column":5}},"loc":{"start":{"line":60,"column":17},"end":{"line":63,"column":5}},"line":60},"13":{"name":"close","decl":{"start":{"line":65,"column":17},"end":{"line":67,"column":5}},"loc":{"start":{"line":65,"column":17},"end":{"line":67,"column":5}},"line":65}},"f":{"0":53,"1":0,"2":0,"3":5,"4":0,"5":5,"6":7,"7":10,"8":7,"9":0,"10":4,"11":3,"12":0,"13":1}}
,"C:\\Users\\Administrador\\Documents\\GitHub\\Proyecto-Mod-final-6\\src\\pages\\base.page.ts": {"path":"C:\\Users\\Administrador\\Documents\\GitHub\\Proyecto-Mod-final-6\\src\\pages\\base.page.ts","all":false,"statementMap":{"0":{"start":{"line":1,"column":0},"end":{"line":1,"column":56}},"1":{"start":{"line":2,"column":0},"end":{"line":2,"column":57}},"2":{"start":{"line":3,"column":0},"end":{"line":3,"column":0}},"3":{"start":{"line":4,"column":0},"end":{"line":4,"column":31}},"4":{"start":{"line":5,"column":0},"end":{"line":5,"column":28}},"5":{"start":{"line":6,"column":0},"end":{"line":6,"column":0}},"6":{"start":{"line":7,"column":0},"end":{"line":7,"column":18}},"7":{"start":{"line":8,"column":0},"end":{"line":8,"column":36}},"8":{"start":{"line":9,"column":0},"end":{"line":9,"column":5}},"9":{"start":{"line":10,"column":0},"end":{"line":10,"column":34}},"10":{"start":{"line":11,"column":0},"end":{"line":11,"column":39}},"11":{"start":{"line":12,"column":0},"end":{"line":12,"column":5}},"12":{"start":{"line":13,"column":0},"end":{"line":13,"column":43}},"13":{"start":{"line":14,"column":0},"end":{"line":14,"column":51}},"14":{"start":{"line":15,"column":0},"end":{"line":15,"column":5}},"15":{"start":{"line":16,"column":0},"end":{"line":16,"column":39}},"16":{"start":{"line":17,"column":0},"end":{"line":17,"column":45}},"17":{"start":{"line":18,"column":0},"end":{"line":18,"column":5}},"18":{"start":{"line":19,"column":0},"end":{"line":19,"column":2}},"19":{"start":{"line":20,"column":0},"end":{"line":20,"column":1}}},"s":{"0":1,"1":1,"2":1,"3":1,"4":1,"5":1,"6":1,"7":16,"8":16,"9":1,"10":5,"11":5,"12":1,"13":0,"14":0,"15":1,"16":0,"17":0,"18":1,"19":1},"branchMap":{"0":{"type":"branch","line":7,"loc":{"start":{"line":7,"column":4},"end":{"line":9,"column":5}},"locations":[{"start":{"line":7,"column":4},"end":{"line":9,"column":5}}]},"1":{"type":"branch","line":10,"loc":{"start":{"line":10,"column":10},"end":{"line":12,"column":5}},"locations":[{"start":{"line":10,"column":10},"end":{"line":12,"column":5}}]}},"b":{"0":[16],"1":[5]},"fnMap":{"0":{"name":"BasePage","decl":{"start":{"line":7,"column":4},"end":{"line":9,"column":5}},"loc":{"start":{"line":7,"column":4},"end":{"line":9,"column":5}},"line":7},"1":{"name":"navigateTo","decl":{"start":{"line":10,"column":10},"end":{"line":12,"column":5}},"loc":{"start":{"line":10,"column":10},"end":{"line":12,"column":5}},"line":10},"2":{"name":"getElementText","decl":{"start":{"line":13,"column":10},"end":{"line":15,"column":5}},"loc":{"start":{"line":13,"column":10},"end":{"line":15,"column":5}},"line":13},"3":{"name":"clickElement","decl":{"start":{"line":16,"column":10},"end":{"line":18,"column":5}},"loc":{"start":{"line":16,"column":10},"end":{"line":18,"column":5}},"line":16}},"f":{"0":16,"1":5,"2":0,"3":0}}
,"C:\\Users\\Administrador\\Documents\\GitHub\\Proyecto-Mod-final-6\\src\\pages\\checkout.page.ts": {"path":"C:\\Users\\Administrador\\Documents\\GitHub\\Proyecto-Mod-final-6\\src\\pages\\checkout.page.ts","all":false,"statementMap":{"0":{"start":{"line":1,"column":0},"end":{"line":1,"column":57}},"1":{"start":{"line":2,"column":0},"end":{"line":2,"column":39}},"2":{"start":{"line":3,"column":0},"end":{"line":3,"column":62}},"3":{"start":{"line":4,"column":0},"end":{"line":4,"column":0}},"4":{"start":{"line":5,"column":0},"end":{"line":5,"column":44}},"5":{"start":{"line":6,"column":0},"end":{"line":6,"column":43}},"6":{"start":{"line":7,"column":0},"end":{"line":7,"column":50}},"7":{"start":{"line":8,"column":0},"end":{"line":8,"column":48}},"8":{"start":{"line":9,"column":0},"end":{"line":9,"column":54}},"9":{"start":{"line":10,"column":0},"end":{"line":10,"column":51}},"10":{"start":{"line":11,"column":0},"end":{"line":11,"column":50}},"11":{"start":{"line":12,"column":0},"end":{"line":12,"column":67}},"12":{"start":{"line":13,"column":0},"end":{"line":13,"column":0}},"13":{"start":{"line":14,"column":0},"end":{"line":14,"column":26}},"14":{"start":{"line":15,"column":0},"end":{"line":15,"column":45}},"15":{"start":{"line":16,"column":0},"end":{"line":16,"column":70}},"16":{"start":{"line":17,"column":0},"end":{"line":17,"column":4}},"17":{"start":{"line":18,"column":0},"end":{"line":18,"column":99}},"18":{"start":{"line":19,"column":0},"end":{"line":19,"column":0}},"19":{"start":{"line":20,"column":0},"end":{"line":20,"column":0}},"20":{"start":{"line":21,"column":0},"end":{"line":21,"column":123}},"21":{"start":{"line":22,"column":0},"end":{"line":22,"column":4}},"22":{"start":{"line":23,"column":0},"end":{"line":23,"column":0}},"23":{"start":{"line":24,"column":0},"end":{"line":24,"column":67}},"24":{"start":{"line":25,"column":0},"end":{"line":25,"column":0}},"25":{"start":{"line":26,"column":0},"end":{"line":26,"column":66}},"26":{"start":{"line":27,"column":0},"end":{"line":27,"column":2}},"27":{"start":{"line":28,"column":0},"end":{"line":28,"column":0}},"28":{"start":{"line":29,"column":0},"end":{"line":29,"column":19}},"29":{"start":{"line":30,"column":0},"end":{"line":30,"column":16}},"30":{"start":{"line":31,"column":0},"end":{"line":31,"column":5}},"31":{"start":{"line":32,"column":0},"end":{"line":32,"column":0}},"32":{"start":{"line":33,"column":0},"end":{"line":33,"column":134}},"33":{"start":{"line":34,"column":0},"end":{"line":34,"column":61}},"34":{"start":{"line":35,"column":0},"end":{"line":35,"column":59}},"35":{"start":{"line":36,"column":0},"end":{"line":36,"column":69}},"36":{"start":{"line":37,"column":0},"end":{"line":37,"column":69}},"37":{"start":{"line":38,"column":0},"end":{"line":38,"column":63}},"38":{"start":{"line":39,"column":0},"end":{"line":39,"column":56}},"39":{"start":{"line":40,"column":0},"end":{"line":40,"column":5}},"40":{"start":{"line":41,"column":0},"end":{"line":41,"column":0}},"41":{"start":{"line":42,"column":0},"end":{"line":42,"column":36}},"42":{"start":{"line":43,"column":0},"end":{"line":43,"column":53}},"43":{"start":{"line":44,"column":0},"end":{"line":44,"column":5}},"44":{"start":{"line":45,"column":0},"end":{"line":45,"column":0}},"45":{"start":{"line":46,"column":0},"end":{"line":46,"column":3}},"46":{"start":{"line":47,"column":0},"end":{"line":47,"column":37}},"47":{"start":{"line":48,"column":0},"end":{"line":48,"column":68}},"48":{"start":{"line":49,"column":0},"end":{"line":49,"column":5}},"49":{"start":{"line":50,"column":0},"end":{"line":50,"column":27}},"50":{"start":{"line":51,"column":0},"end":{"line":51,"column":88}},"51":{"start":{"line":52,"column":0},"end":{"line":52,"column":5}},"52":{"start":{"line":53,"column":0},"end":{"line":53,"column":28}},"53":{"start":{"line":54,"column":0},"end":{"line":54,"column":47}},"54":{"start":{"line":55,"column":0},"end":{"line":55,"column":39}},"55":{"start":{"line":56,"column":0},"end":{"line":56,"column":41}},"56":{"start":{"line":57,"column":0},"end":{"line":57,"column":7}},"57":{"start":{"line":58,"column":0},"end":{"line":58,"column":4}},"58":{"start":{"line":59,"column":0},"end":{"line":59,"column":47}},"59":{"start":{"line":60,"column":0},"end":{"line":60,"column":4}},"60":{"start":{"line":61,"column":0},"end":{"line":61,"column":49}},"61":{"start":{"line":62,"column":0},"end":{"line":62,"column":5}},"62":{"start":{"line":63,"column":0},"end":{"line":63,"column":0}},"63":{"start":{"line":64,"column":0},"end":{"line":64,"column":28}},"64":{"start":{"line":65,"column":0},"end":{"line":65,"column":19}},"65":{"start":{"line":66,"column":0},"end":{"line":66,"column":27}},"66":{"start":{"line":67,"column":0},"end":{"line":67,"column":81}},"67":{"start":{"line":68,"column":0},"end":{"line":68,"column":57}},"68":{"start":{"line":69,"column":0},"end":{"line":69,"column":31}},"69":{"start":{"line":70,"column":0},"end":{"line":70,"column":0}},"70":{"start":{"line":71,"column":0},"end":{"line":71,"column":107}},"71":{"start":{"line":72,"column":0},"end":{"line":72,"column":41}},"72":{"start":{"line":73,"column":0},"end":{"line":73,"column":9}},"73":{"start":{"line":74,"column":0},"end":{"line":74,"column":34}},"74":{"start":{"line":75,"column":0},"end":{"line":75,"column":24}},"75":{"start":{"line":76,"column":0},"end":{"line":76,"column":5}},"76":{"start":{"line":77,"column":0},"end":{"line":77,"column":0}},"77":{"start":{"line":78,"column":0},"end":{"line":78,"column":1}}},"s":{"0":1,"1":1,"2":1,"3":1,"4":1,"5":1,"6":1,"7":1,"8":1,"9":1,"10":1,"11":1,"12":1,"13":1,"14":1,"15":1,"16":1,"17":1,"18":1,"19":1,"20":1,"21":1,"22":1,"23":1,"24":1,"25":1,"26":1,"27":1,"28":1,"29":2,"30":2,"31":1,"32":1,"33":2,"34":2,"35":2,"36":2,"37":2,"38":2,"39":2,"40":1,"41":1,"42":2,"43":2,"44":1,"45":1,"46":1,"47":2,"48":2,"49":1,"50":2,"51":2,"52":1,"53":0,"54":0,"55":0,"56":0,"57":0,"58":0,"59":0,"60":0,"61":0,"62":1,"63":1,"64":2,"65":2,"66":2,"67":2,"68":5,"69":5,"70":5,"71":5,"72":5,"73":2,"74":2,"75":2,"76":1,"77":1},"branchMap":{"0":{"type":"branch","line":29,"loc":{"start":{"line":29,"column":4},"end":{"line":31,"column":5}},"locations":[{"start":{"line":29,"column":4},"end":{"line":31,"column":5}}]},"1":{"type":"branch","line":21,"loc":{"start":{"line":21,"column":28},"end":{"line":21,"column":122}},"locations":[{"start":{"line":21,"column":28},"end":{"line":21,"column":122}}]},"2":{"type":"branch","line":33,"loc":{"start":{"line":33,"column":10},"end":{"line":40,"column":5}},"locations":[{"start":{"line":33,"column":10},"end":{"line":40,"column":5}}]},"3":{"type":"branch","line":42,"loc":{"start":{"line":42,"column":10},"end":{"line":44,"column":5}},"locations":[{"start":{"line":42,"column":10},"end":{"line":44,"column":5}}]},"4":{"type":"branch","line":47,"loc":{"start":{"line":47,"column":10},"end":{"line":49,"column":5}},"locations":[{"start":{"line":47,"column":10},"end":{"line":49,"column":5}}]},"5":{"type":"branch","line":50,"loc":{"start":{"line":50,"column":10},"end":{"line":52,"column":5}},"locations":[{"start":{"line":50,"column":10},"end":{"line":52,"column":5}}]},"6":{"type":"branch","line":64,"loc":{"start":{"line":64,"column":10},"end":{"line":76,"column":5}},"locations":[{"start":{"line":64,"column":10},"end":{"line":76,"column":5}}]},"7":{"type":"branch","line":68,"loc":{"start":{"line":68,"column":56},"end":{"line":73,"column":9}},"locations":[{"start":{"line":68,"column":56},"end":{"line":73,"column":9}}]}},"b":{"0":[2],"1":[5],"2":[2],"3":[2],"4":[2],"5":[2],"6":[2],"7":[5]},"fnMap":{"0":{"name":"CheckoutPage","decl":{"start":{"line":29,"column":4},"end":{"line":31,"column":5}},"loc":{"start":{"line":29,"column":4},"end":{"line":31,"column":5}},"line":29},"1":{"name":"CheckoutPage.priceUnitProd","decl":{"start":{"line":21,"column":28},"end":{"line":21,"column":122}},"loc":{"start":{"line":21,"column":28},"end":{"line":21,"column":122}},"line":21},"2":{"name":"checkoutInformation","decl":{"start":{"line":33,"column":10},"end":{"line":40,"column":5}},"loc":{"start":{"line":33,"column":10},"end":{"line":40,"column":5}},"line":33},"3":{"name":"clickFinishOrderButton","decl":{"start":{"line":42,"column":10},"end":{"line":44,"column":5}},"loc":{"start":{"line":42,"column":10},"end":{"line":44,"column":5}},"line":42},"4":{"name":"getCompleteOrderMessage","decl":{"start":{"line":47,"column":10},"end":{"line":49,"column":5}},"loc":{"start":{"line":47,"column":10},"end":{"line":49,"column":5}},"line":47},"5":{"name":"checkoutTotal","decl":{"start":{"line":50,"column":10},"end":{"line":52,"column":5}},"loc":{"start":{"line":50,"column":10},"end":{"line":52,"column":5}},"line":50},"6":{"name":"donwloadPdfLink","decl":{"start":{"line":53,"column":10},"end":{"line":62,"column":5}},"loc":{"start":{"line":53,"column":10},"end":{"line":62,"column":5}},"line":53},"7":{"name":"calculateTotal","decl":{"start":{"line":64,"column":10},"end":{"line":76,"column":5}},"loc":{"start":{"line":64,"column":10},"end":{"line":76,"column":5}},"line":64}},"f":{"0":2,"1":5,"2":2,"3":2,"4":2,"5":2,"6":0,"7":2}}
,"C:\\Users\\Administrador\\Documents\\GitHub\\Proyecto-Mod-final-6\\src\\pages\\favourites.page.ts": {"path":"C:\\Users\\Administrador\\Documents\\GitHub\\Proyecto-Mod-final-6\\src\\pages\\favourites.page.ts","all":false,"statementMap":{"0":{"start":{"line":1,"column":0},"end":{"line":1,"column":57}},"1":{"start":{"line":2,"column":0},"end":{"line":2,"column":39}},"2":{"start":{"line":3,"column":0},"end":{"line":3,"column":0}},"3":{"start":{"line":4,"column":0},"end":{"line":4,"column":46}},"4":{"start":{"line":5,"column":0},"end":{"line":5,"column":0}},"5":{"start":{"line":6,"column":0},"end":{"line":6,"column":4}},"6":{"start":{"line":7,"column":0},"end":{"line":7,"column":180}},"7":{"start":{"line":8,"column":0},"end":{"line":8,"column":0}},"8":{"start":{"line":9,"column":0},"end":{"line":9,"column":215}},"9":{"start":{"line":10,"column":0},"end":{"line":10,"column":49}},"10":{"start":{"line":11,"column":0},"end":{"line":11,"column":0}},"11":{"start":{"line":12,"column":0},"end":{"line":12,"column":0}},"12":{"start":{"line":13,"column":0},"end":{"line":13,"column":19}},"13":{"start":{"line":14,"column":0},"end":{"line":14,"column":16}},"14":{"start":{"line":15,"column":0},"end":{"line":15,"column":5}},"15":{"start":{"line":16,"column":0},"end":{"line":16,"column":44}},"16":{"start":{"line":17,"column":0},"end":{"line":17,"column":69}},"17":{"start":{"line":18,"column":0},"end":{"line":18,"column":5}},"18":{"start":{"line":19,"column":0},"end":{"line":19,"column":50}},"19":{"start":{"line":20,"column":0},"end":{"line":20,"column":68}},"20":{"start":{"line":21,"column":0},"end":{"line":21,"column":5}},"21":{"start":{"line":22,"column":0},"end":{"line":22,"column":2}},"22":{"start":{"line":23,"column":0},"end":{"line":23,"column":29}},"23":{"start":{"line":24,"column":0},"end":{"line":24,"column":53}},"24":{"start":{"line":25,"column":0},"end":{"line":25,"column":44}},"25":{"start":{"line":26,"column":0},"end":{"line":26,"column":63}},"26":{"start":{"line":27,"column":0},"end":{"line":27,"column":5}},"27":{"start":{"line":28,"column":0},"end":{"line":28,"column":4}},"28":{"start":{"line":29,"column":0},"end":{"line":29,"column":0}},"29":{"start":{"line":30,"column":0},"end":{"line":30,"column":1}}},"s":{"0":1,"1":1,"2":1,"3":1,"4":1,"5":1,"6":1,"7":1,"8":1,"9":1,"10":1,"11":1,"12":1,"13":1,"14":1,"15":1,"16":2,"17":2,"18":1,"19":2,"20":2,"21":1,"22":1,"23":3,"24":3,"25":3,"26":3,"27":1,"28":1,"29":1},"branchMap":{"0":{"type":"branch","line":13,"loc":{"start":{"line":13,"column":4},"end":{"line":15,"column":5}},"locations":[{"start":{"line":13,"column":4},"end":{"line":15,"column":5}}]},"1":{"type":"branch","line":7,"loc":{"start":{"line":7,"column":32},"end":{"line":7,"column":179}},"locations":[{"start":{"line":7,"column":32},"end":{"line":7,"column":179}}]},"2":{"type":"branch","line":9,"loc":{"start":{"line":9,"column":31},"end":{"line":9,"column":214}},"locations":[{"start":{"line":9,"column":31},"end":{"line":9,"column":214}}]},"3":{"type":"branch","line":16,"loc":{"start":{"line":16,"column":11},"end":{"line":18,"column":5}},"locations":[{"start":{"line":16,"column":11},"end":{"line":18,"column":5}}]},"4":{"type":"branch","line":19,"loc":{"start":{"line":19,"column":10},"end":{"line":21,"column":5}},"locations":[{"start":{"line":19,"column":10},"end":{"line":21,"column":5}}]},"5":{"type":"branch","line":23,"loc":{"start":{"line":23,"column":10},"end":{"line":27,"column":5}},"locations":[{"start":{"line":23,"column":10},"end":{"line":27,"column":5}}]}},"b":{"0":[1],"1":[2],"2":[2],"3":[2],"4":[2],"5":[3]},"fnMap":{"0":{"name":"FavouritesPage","decl":{"start":{"line":13,"column":4},"end":{"line":15,"column":5}},"loc":{"start":{"line":13,"column":4},"end":{"line":15,"column":5}},"line":13},"1":{"name":"FavouritesPage.itemAddCartButton","decl":{"start":{"line":7,"column":32},"end":{"line":7,"column":179}},"loc":{"start":{"line":7,"column":32},"end":{"line":7,"column":179}},"line":7},"2":{"name":"FavouritesPage.removeFavourites","decl":{"start":{"line":9,"column":31},"end":{"line":9,"column":214}},"loc":{"start":{"line":9,"column":31},"end":{"line":9,"column":214}},"line":9},"3":{"name":"addToCartItem","decl":{"start":{"line":16,"column":11},"end":{"line":18,"column":5}},"loc":{"start":{"line":16,"column":11},"end":{"line":18,"column":5}},"line":16},"4":{"name":"itemremoveFavourites","decl":{"start":{"line":19,"column":10},"end":{"line":21,"column":5}},"loc":{"start":{"line":19,"column":10},"end":{"line":21,"column":5}},"line":19},"5":{"name":"getcountProducts","decl":{"start":{"line":23,"column":10},"end":{"line":27,"column":5}},"loc":{"start":{"line":23,"column":10},"end":{"line":27,"column":5}},"line":23}},"f":{"0":1,"1":2,"2":2,"3":2,"4":2,"5":3}}
,"C:\\Users\\Administrador\\Documents\\GitHub\\Proyecto-Mod-final-6\\src\\pages\\login.page.ts": {"path":"C:\\Users\\Administrador\\Documents\\GitHub\\Proyecto-Mod-final-6\\src\\pages\\login.page.ts","all":false,"statementMap":{"0":{"start":{"line":1,"column":0},"end":{"line":1,"column":32}},"1":{"start":{"line":2,"column":0},"end":{"line":2,"column":57}},"2":{"start":{"line":3,"column":0},"end":{"line":3,"column":39}},"3":{"start":{"line":4,"column":0},"end":{"line":4,"column":0}},"4":{"start":{"line":5,"column":0},"end":{"line":5,"column":40}},"5":{"start":{"line":6,"column":0},"end":{"line":6,"column":0}},"6":{"start":{"line":7,"column":0},"end":{"line":7,"column":14}},"7":{"start":{"line":8,"column":0},"end":{"line":8,"column":47}},"8":{"start":{"line":9,"column":0},"end":{"line":9,"column":59}},"9":{"start":{"line":10,"column":0},"end":{"line":10,"column":47}},"10":{"start":{"line":11,"column":0},"end":{"line":11,"column":59}},"11":{"start":{"line":12,"column":0},"end":{"line":12,"column":46}},"12":{"start":{"line":13,"column":0},"end":{"line":13,"column":0}},"13":{"start":{"line":14,"column":0},"end":{"line":14,"column":0}},"14":{"start":{"line":15,"column":0},"end":{"line":15,"column":84}},"15":{"start":{"line":16,"column":0},"end":{"line":16,"column":0}},"16":{"start":{"line":17,"column":0},"end":{"line":17,"column":18}},"17":{"start":{"line":18,"column":0},"end":{"line":18,"column":16}},"18":{"start":{"line":19,"column":0},"end":{"line":19,"column":5}},"19":{"start":{"line":20,"column":0},"end":{"line":20,"column":0}},"20":{"start":{"line":21,"column":0},"end":{"line":21,"column":0}},"21":{"start":{"line":22,"column":0},"end":{"line":22,"column":19}},"22":{"start":{"line":23,"column":0},"end":{"line":23,"column":55}},"23":{"start":{"line":24,"column":0},"end":{"line":24,"column":50}},"24":{"start":{"line":25,"column":0},"end":{"line":25,"column":55}},"25":{"start":{"line":26,"column":0},"end":{"line":26,"column":50}},"26":{"start":{"line":27,"column":0},"end":{"line":27,"column":53}},"27":{"start":{"line":28,"column":0},"end":{"line":28,"column":52}},"28":{"start":{"line":29,"column":0},"end":{"line":29,"column":5}},"29":{"start":{"line":30,"column":0},"end":{"line":30,"column":0}},"30":{"start":{"line":31,"column":0},"end":{"line":31,"column":24}},"31":{"start":{"line":32,"column":0},"end":{"line":32,"column":0}},"32":{"start":{"line":33,"column":0},"end":{"line":33,"column":54}},"33":{"start":{"line":34,"column":0},"end":{"line":34,"column":49}},"34":{"start":{"line":35,"column":0},"end":{"line":35,"column":8}},"35":{"start":{"line":36,"column":0},"end":{"line":36,"column":5}},"36":{"start":{"line":37,"column":0},"end":{"line":37,"column":24}},"37":{"start":{"line":38,"column":0},"end":{"line":38,"column":0}},"38":{"start":{"line":39,"column":0},"end":{"line":39,"column":55}},"39":{"start":{"line":40,"column":0},"end":{"line":40,"column":50}},"40":{"start":{"line":41,"column":0},"end":{"line":41,"column":8}},"41":{"start":{"line":42,"column":0},"end":{"line":42,"column":5}},"42":{"start":{"line":43,"column":0},"end":{"line":43,"column":24}},"43":{"start":{"line":44,"column":0},"end":{"line":44,"column":0}},"44":{"start":{"line":45,"column":0},"end":{"line":45,"column":53}},"45":{"start":{"line":46,"column":0},"end":{"line":46,"column":8}},"46":{"start":{"line":47,"column":0},"end":{"line":47,"column":5}},"47":{"start":{"line":48,"column":0},"end":{"line":48,"column":40}},"48":{"start":{"line":49,"column":0},"end":{"line":49,"column":1}},"49":{"start":{"line":50,"column":0},"end":{"line":50,"column":41}},"50":{"start":{"line":51,"column":0},"end":{"line":51,"column":8}},"51":{"start":{"line":52,"column":0},"end":{"line":52,"column":5}},"52":{"start":{"line":53,"column":0},"end":{"line":53,"column":19}},"53":{"start":{"line":54,"column":0},"end":{"line":54,"column":8}},"54":{"start":{"line":55,"column":0},"end":{"line":55,"column":37}},"55":{"start":{"line":56,"column":0},"end":{"line":56,"column":5}},"56":{"start":{"line":57,"column":0},"end":{"line":57,"column":5}},"57":{"start":{"line":58,"column":0},"end":{"line":58,"column":0}},"58":{"start":{"line":59,"column":0},"end":{"line":59,"column":1}}},"s":{"0":1,"1":1,"2":1,"3":1,"4":1,"5":1,"6":1,"7":1,"8":1,"9":1,"10":1,"11":1,"12":1,"13":1,"14":1,"15":1,"16":1,"17":5,"18":5,"19":1,"20":1,"21":1,"22":4,"23":4,"24":4,"25":4,"26":4,"27":4,"28":4,"29":1,"30":1,"31":1,"32":1,"33":1,"34":1,"35":1,"36":1,"37":1,"38":1,"39":1,"40":1,"41":1,"42":1,"43":1,"44":1,"45":1,"46":1,"47":1,"48":0,"49":0,"50":0,"51":0,"52":1,"53":1,"54":1,"55":1,"56":1,"57":1,"58":1},"branchMap":{"0":{"type":"branch","line":17,"loc":{"start":{"line":17,"column":4},"end":{"line":19,"column":5}},"locations":[{"start":{"line":17,"column":4},"end":{"line":19,"column":5}}]},"1":{"type":"branch","line":22,"loc":{"start":{"line":22,"column":10},"end":{"line":29,"column":5}},"locations":[{"start":{"line":22,"column":10},"end":{"line":29,"column":5}}]},"2":{"type":"branch","line":31,"loc":{"start":{"line":31,"column":10},"end":{"line":36,"column":5}},"locations":[{"start":{"line":31,"column":10},"end":{"line":36,"column":5}}]},"3":{"type":"branch","line":37,"loc":{"start":{"line":37,"column":10},"end":{"line":42,"column":5}},"locations":[{"start":{"line":37,"column":10},"end":{"line":42,"column":5}}]},"4":{"type":"branch","line":43,"loc":{"start":{"line":43,"column":10},"end":{"line":47,"column":5}},"locations":[{"start":{"line":43,"column":10},"end":{"line":47,"column":5}}]},"5":{"type":"branch","line":53,"loc":{"start":{"line":53,"column":10},"end":{"line":57,"column":5}},"locations":[{"start":{"line":53,"column":10},"end":{"line":57,"column":5}}]}},"b":{"0":[5],"1":[4],"2":[1],"3":[1],"4":[1],"5":[1]},"fnMap":{"0":{"name":"LoginPage","decl":{"start":{"line":17,"column":4},"end":{"line":19,"column":5}},"loc":{"start":{"line":17,"column":4},"end":{"line":19,"column":5}},"line":17},"1":{"name":"LoginPage.userType","decl":{"start":{"line":15,"column":22},"end":{"line":15,"column":83}},"loc":{"start":{"line":15,"column":22},"end":{"line":15,"column":83}},"line":15},"2":{"name":"Login","decl":{"start":{"line":22,"column":10},"end":{"line":29,"column":5}},"loc":{"start":{"line":22,"column":10},"end":{"line":29,"column":5}},"line":22},"3":{"name":"setUsername","decl":{"start":{"line":31,"column":10},"end":{"line":36,"column":5}},"loc":{"start":{"line":31,"column":10},"end":{"line":36,"column":5}},"line":31},"4":{"name":"setPassword","decl":{"start":{"line":37,"column":10},"end":{"line":42,"column":5}},"loc":{"start":{"line":37,"column":10},"end":{"line":42,"column":5}},"line":37},"5":{"name":"clickButton","decl":{"start":{"line":43,"column":10},"end":{"line":47,"column":5}},"loc":{"start":{"line":43,"column":10},"end":{"line":47,"column":5}},"line":43},"6":{"name":"clickButtonlogin","decl":{"start":{"line":48,"column":10},"end":{"line":52,"column":5}},"loc":{"start":{"line":48,"column":10},"end":{"line":52,"column":5}},"line":48},"7":{"name":"close","decl":{"start":{"line":53,"column":10},"end":{"line":57,"column":5}},"loc":{"start":{"line":53,"column":10},"end":{"line":57,"column":5}},"line":53}},"f":{"0":5,"1":0,"2":4,"3":1,"4":1,"5":1,"6":0,"7":1}}
,"C:\\Users\\Administrador\\Documents\\GitHub\\Proyecto-Mod-final-6\\src\\pages\\products.page.ts": {"path":"C:\\Users\\Administrador\\Documents\\GitHub\\Proyecto-Mod-final-6\\src\\pages\\products.page.ts","all":false,"statementMap":{"0":{"start":{"line":1,"column":0},"end":{"line":1,"column":39}},"1":{"start":{"line":2,"column":0},"end":{"line":2,"column":0}},"2":{"start":{"line":3,"column":0},"end":{"line":3,"column":44}},"3":{"start":{"line":4,"column":0},"end":{"line":4,"column":0}},"4":{"start":{"line":5,"column":0},"end":{"line":5,"column":70}},"5":{"start":{"line":6,"column":0},"end":{"line":6,"column":3}},"6":{"start":{"line":7,"column":0},"end":{"line":7,"column":178}},"7":{"start":{"line":8,"column":0},"end":{"line":8,"column":4}},"8":{"start":{"line":9,"column":0},"end":{"line":9,"column":0}},"9":{"start":{"line":10,"column":0},"end":{"line":10,"column":19}},"10":{"start":{"line":11,"column":0},"end":{"line":11,"column":16}},"11":{"start":{"line":12,"column":0},"end":{"line":12,"column":5}},"12":{"start":{"line":13,"column":0},"end":{"line":13,"column":0}},"13":{"start":{"line":14,"column":0},"end":{"line":14,"column":180}},"14":{"start":{"line":15,"column":0},"end":{"line":15,"column":194}},"15":{"start":{"line":16,"column":0},"end":{"line":16,"column":0}},"16":{"start":{"line":17,"column":0},"end":{"line":17,"column":0}},"17":{"start":{"line":18,"column":0},"end":{"line":18,"column":49}},"18":{"start":{"line":19,"column":0},"end":{"line":19,"column":69}},"19":{"start":{"line":20,"column":0},"end":{"line":20,"column":5}},"20":{"start":{"line":21,"column":0},"end":{"line":21,"column":43}},"21":{"start":{"line":22,"column":0},"end":{"line":22,"column":71}},"22":{"start":{"line":23,"column":0},"end":{"line":23,"column":5}},"23":{"start":{"line":24,"column":0},"end":{"line":24,"column":50}},"24":{"start":{"line":25,"column":0},"end":{"line":25,"column":54}},"25":{"start":{"line":26,"column":0},"end":{"line":26,"column":83}},"26":{"start":{"line":27,"column":0},"end":{"line":27,"column":5}},"27":{"start":{"line":28,"column":0},"end":{"line":28,"column":4}},"28":{"start":{"line":29,"column":0},"end":{"line":29,"column":0}},"29":{"start":{"line":30,"column":0},"end":{"line":30,"column":27}},"30":{"start":{"line":31,"column":0},"end":{"line":31,"column":65}},"31":{"start":{"line":32,"column":0},"end":{"line":32,"column":5}},"32":{"start":{"line":33,"column":0},"end":{"line":33,"column":0}},"33":{"start":{"line":34,"column":0},"end":{"line":34,"column":0}},"34":{"start":{"line":35,"column":0},"end":{"line":35,"column":0}},"35":{"start":{"line":36,"column":0},"end":{"line":36,"column":0}},"36":{"start":{"line":37,"column":0},"end":{"line":37,"column":1}}},"s":{"0":1,"1":1,"2":1,"3":1,"4":1,"5":1,"6":1,"7":1,"8":1,"9":1,"10":2,"11":2,"12":1,"13":1,"14":1,"15":1,"16":1,"17":1,"18":2,"19":2,"20":1,"21":3,"22":3,"23":1,"24":0,"25":0,"26":0,"27":1,"28":1,"29":1,"30":0,"31":0,"32":1,"33":1,"34":1,"35":1,"36":1},"branchMap":{"0":{"type":"branch","line":10,"loc":{"start":{"line":10,"column":4},"end":{"line":12,"column":5}},"locations":[{"start":{"line":10,"column":4},"end":{"line":12,"column":5}}]},"1":{"type":"branch","line":7,"loc":{"start":{"line":7,"column":30},"end":{"line":7,"column":177}},"locations":[{"start":{"line":7,"column":30},"end":{"line":7,"column":177}}]},"2":{"type":"branch","line":14,"loc":{"start":{"line":14,"column":32},"end":{"line":14,"column":179}},"locations":[{"start":{"line":14,"column":32},"end":{"line":14,"column":179}}]},"3":{"type":"branch","line":18,"loc":{"start":{"line":18,"column":10},"end":{"line":20,"column":5}},"locations":[{"start":{"line":18,"column":10},"end":{"line":20,"column":5}}]},"4":{"type":"branch","line":21,"loc":{"start":{"line":21,"column":10},"end":{"line":23,"column":5}},"locations":[{"start":{"line":21,"column":10},"end":{"line":23,"column":5}}]}},"b":{"0":[2],"1":[2],"2":[3],"3":[2],"4":[3]},"fnMap":{"0":{"name":"ProductsPage","decl":{"start":{"line":10,"column":4},"end":{"line":12,"column":5}},"loc":{"start":{"line":10,"column":4},"end":{"line":12,"column":5}},"line":10},"1":{"name":"ProductsPage.addtoFavourites","decl":{"start":{"line":7,"column":30},"end":{"line":7,"column":177}},"loc":{"start":{"line":7,"column":30},"end":{"line":7,"column":177}},"line":7},"2":{"name":"ProductsPage.itemAddCartButton","decl":{"start":{"line":14,"column":32},"end":{"line":14,"column":179}},"loc":{"start":{"line":14,"column":32},"end":{"line":14,"column":179}},"line":14},"3":{"name":"ProductsPage.itemRemoveCartButton","decl":{"start":{"line":15,"column":35},"end":{"line":15,"column":193}},"loc":{"start":{"line":15,"column":35},"end":{"line":15,"column":193}},"line":15},"4":{"name":"addItemToFavourites","decl":{"start":{"line":18,"column":10},"end":{"line":20,"column":5}},"loc":{"start":{"line":18,"column":10},"end":{"line":20,"column":5}},"line":18},"5":{"name":"addToCartItem","decl":{"start":{"line":21,"column":10},"end":{"line":23,"column":5}},"loc":{"start":{"line":21,"column":10},"end":{"line":23,"column":5}},"line":21},"6":{"name":"validateRemoveButton","decl":{"start":{"line":24,"column":10},"end":{"line":27,"column":5}},"loc":{"start":{"line":24,"column":10},"end":{"line":27,"column":5}},"line":24},"7":{"name":"validatelogin","decl":{"start":{"line":30,"column":10},"end":{"line":32,"column":5}},"loc":{"start":{"line":30,"column":10},"end":{"line":32,"column":5}},"line":30}},"f":{"0":2,"1":2,"2":3,"3":0,"4":2,"5":3,"6":0,"7":0}}
,"C:\\Users\\Administrador\\Documents\\GitHub\\Proyecto-Mod-final-6\\src\\pages\\components\\header.page.ts": {"path":"C:\\Users\\Administrador\\Documents\\GitHub\\Proyecto-Mod-final-6\\src\\pages\\components\\header.page.ts","all":false,"statementMap":{"0":{"start":{"line":1,"column":0},"end":{"line":1,"column":60}},"1":{"start":{"line":2,"column":0},"end":{"line":2,"column":40}},"2":{"start":{"line":3,"column":0},"end":{"line":3,"column":0}},"3":{"start":{"line":4,"column":0},"end":{"line":4,"column":0}},"4":{"start":{"line":5,"column":0},"end":{"line":5,"column":41}},"5":{"start":{"line":6,"column":0},"end":{"line":6,"column":0}},"6":{"start":{"line":7,"column":0},"end":{"line":7,"column":4}},"7":{"start":{"line":8,"column":0},"end":{"line":8,"column":51}},"8":{"start":{"line":9,"column":0},"end":{"line":9,"column":41}},"9":{"start":{"line":10,"column":0},"end":{"line":10,"column":41}},"10":{"start":{"line":11,"column":0},"end":{"line":11,"column":49}},"11":{"start":{"line":12,"column":0},"end":{"line":12,"column":37}},"12":{"start":{"line":13,"column":0},"end":{"line":13,"column":38}},"13":{"start":{"line":14,"column":0},"end":{"line":14,"column":36}},"14":{"start":{"line":15,"column":0},"end":{"line":15,"column":0}},"15":{"start":{"line":16,"column":0},"end":{"line":16,"column":0}},"16":{"start":{"line":17,"column":0},"end":{"line":17,"column":18}},"17":{"start":{"line":18,"column":0},"end":{"line":18,"column":16}},"18":{"start":{"line":19,"column":0},"end":{"line":19,"column":5}},"19":{"start":{"line":20,"column":0},"end":{"line":20,"column":34}},"20":{"start":{"line":21,"column":0},"end":{"line":21,"column":23}},"21":{"start":{"line":22,"column":0},"end":{"line":22,"column":24}},"22":{"start":{"line":23,"column":0},"end":{"line":23,"column":55}},"23":{"start":{"line":24,"column":0},"end":{"line":24,"column":18}},"24":{"start":{"line":25,"column":0},"end":{"line":25,"column":26}},"25":{"start":{"line":26,"column":0},"end":{"line":26,"column":57}},"26":{"start":{"line":27,"column":0},"end":{"line":27,"column":18}},"27":{"start":{"line":28,"column":0},"end":{"line":28,"column":26}},"28":{"start":{"line":29,"column":0},"end":{"line":29,"column":57}},"29":{"start":{"line":30,"column":0},"end":{"line":30,"column":18}},"30":{"start":{"line":31,"column":0},"end":{"line":31,"column":30}},"31":{"start":{"line":32,"column":0},"end":{"line":32,"column":61}},"32":{"start":{"line":33,"column":0},"end":{"line":33,"column":18}},"33":{"start":{"line":34,"column":0},"end":{"line":34,"column":26}},"34":{"start":{"line":35,"column":0},"end":{"line":35,"column":53}},"35":{"start":{"line":36,"column":0},"end":{"line":36,"column":18}},"36":{"start":{"line":37,"column":0},"end":{"line":37,"column":20}},"37":{"start":{"line":38,"column":0},"end":{"line":38,"column":55}},"38":{"start":{"line":39,"column":0},"end":{"line":39,"column":18}},"39":{"start":{"line":40,"column":0},"end":{"line":40,"column":0}},"40":{"start":{"line":41,"column":0},"end":{"line":41,"column":5}},"41":{"start":{"line":42,"column":0},"end":{"line":42,"column":5}},"42":{"start":{"line":43,"column":0},"end":{"line":43,"column":25}},"43":{"start":{"line":44,"column":0},"end":{"line":44,"column":54}},"44":{"start":{"line":45,"column":0},"end":{"line":45,"column":5}},"45":{"start":{"line":46,"column":0},"end":{"line":46,"column":1}},"46":{"start":{"line":47,"column":0},"end":{"line":47,"column":42}}},"s":{"0":1,"1":1,"2":1,"3":1,"4":1,"5":1,"6":1,"7":1,"8":1,"9":1,"10":1,"11":1,"12":1,"13":1,"14":1,"15":1,"16":1,"17":3,"18":3,"19":1,"20":4,"21":4,"22":0,"23":0,"24":4,"25":0,"26":0,"27":4,"28":0,"29":0,"30":4,"31":2,"32":0,"33":4,"34":2,"35":0,"36":4,"37":0,"38":0,"39":4,"40":4,"41":4,"42":1,"43":2,"44":2,"45":1,"46":1},"branchMap":{"0":{"type":"branch","line":17,"loc":{"start":{"line":17,"column":4},"end":{"line":19,"column":5}},"locations":[{"start":{"line":17,"column":4},"end":{"line":19,"column":5}}]},"1":{"type":"branch","line":20,"loc":{"start":{"line":20,"column":10},"end":{"line":42,"column":5}},"locations":[{"start":{"line":20,"column":10},"end":{"line":42,"column":5}}]},"2":{"type":"branch","line":22,"loc":{"start":{"line":22,"column":12},"end":{"line":24,"column":18}},"locations":[{"start":{"line":22,"column":12},"end":{"line":24,"column":18}}]},"3":{"type":"branch","line":25,"loc":{"start":{"line":25,"column":12},"end":{"line":27,"column":18}},"locations":[{"start":{"line":25,"column":12},"end":{"line":27,"column":18}}]},"4":{"type":"branch","line":28,"loc":{"start":{"line":28,"column":12},"end":{"line":30,"column":18}},"locations":[{"start":{"line":28,"column":12},"end":{"line":30,"column":18}}]},"5":{"type":"branch","line":31,"loc":{"start":{"line":31,"column":12},"end":{"line":33,"column":18}},"locations":[{"start":{"line":31,"column":12},"end":{"line":33,"column":18}}]},"6":{"type":"branch","line":33,"loc":{"start":{"line":33,"column":-2},"end":{"line":33,"column":18}},"locations":[{"start":{"line":33,"column":-2},"end":{"line":33,"column":18}}]},"7":{"type":"branch","line":34,"loc":{"start":{"line":34,"column":12},"end":{"line":36,"column":18}},"locations":[{"start":{"line":34,"column":12},"end":{"line":36,"column":18}}]},"8":{"type":"branch","line":36,"loc":{"start":{"line":36,"column":-2},"end":{"line":36,"column":18}},"locations":[{"start":{"line":36,"column":-2},"end":{"line":36,"column":18}}]},"9":{"type":"branch","line":37,"loc":{"start":{"line":37,"column":12},"end":{"line":39,"column":18}},"locations":[{"start":{"line":37,"column":12},"end":{"line":39,"column":18}}]},"10":{"type":"branch","line":43,"loc":{"start":{"line":43,"column":10},"end":{"line":45,"column":5}},"locations":[{"start":{"line":43,"column":10},"end":{"line":45,"column":5}}]}},"b":{"0":[3],"1":[4],"2":[0],"3":[0],"4":[0],"5":[2],"6":[0],"7":[2],"8":[0],"9":[0],"10":[2]},"fnMap":{"0":{"name":"headerPage","decl":{"start":{"line":17,"column":4},"end":{"line":19,"column":5}},"loc":{"start":{"line":17,"column":4},"end":{"line":19,"column":5}},"line":17},"1":{"name":"clickLink","decl":{"start":{"line":20,"column":10},"end":{"line":42,"column":5}},"loc":{"start":{"line":20,"column":10},"end":{"line":42,"column":5}},"line":20},"2":{"name":"getLoginTxt","decl":{"start":{"line":43,"column":10},"end":{"line":45,"column":5}},"loc":{"start":{"line":43,"column":10},"end":{"line":45,"column":5}},"line":43}},"f":{"0":3,"1":4,"2":2}}
,"C:\\Users\\Administrador\\Documents\\GitHub\\Proyecto-Mod-final-6\\src\\pages\\components\\shoppingcart.page.ts": {"path":"C:\\Users\\Administrador\\Documents\\GitHub\\Proyecto-Mod-final-6\\src\\pages\\components\\shoppingcart.page.ts","all":false,"statementMap":{"0":{"start":{"line":1,"column":0},"end":{"line":1,"column":61}},"1":{"start":{"line":2,"column":0},"end":{"line":2,"column":40}},"2":{"start":{"line":3,"column":0},"end":{"line":3,"column":0}},"3":{"start":{"line":4,"column":0},"end":{"line":4,"column":0}},"4":{"start":{"line":5,"column":0},"end":{"line":5,"column":47}},"5":{"start":{"line":6,"column":0},"end":{"line":6,"column":61}},"6":{"start":{"line":7,"column":0},"end":{"line":7,"column":57}},"7":{"start":{"line":8,"column":0},"end":{"line":8,"column":48}},"8":{"start":{"line":9,"column":0},"end":{"line":9,"column":155}},"9":{"start":{"line":10,"column":0},"end":{"line":10,"column":4}},"10":{"start":{"line":11,"column":0},"end":{"line":11,"column":0}},"11":{"start":{"line":12,"column":0},"end":{"line":12,"column":4}},"12":{"start":{"line":13,"column":0},"end":{"line":13,"column":136}},"13":{"start":{"line":14,"column":0},"end":{"line":14,"column":139}},"14":{"start":{"line":15,"column":0},"end":{"line":15,"column":0}},"15":{"start":{"line":16,"column":0},"end":{"line":16,"column":0}},"16":{"start":{"line":17,"column":0},"end":{"line":17,"column":142}},"17":{"start":{"line":18,"column":0},"end":{"line":18,"column":102}},"18":{"start":{"line":19,"column":0},"end":{"line":19,"column":0}},"19":{"start":{"line":20,"column":0},"end":{"line":20,"column":4}},"20":{"start":{"line":21,"column":0},"end":{"line":21,"column":0}},"21":{"start":{"line":22,"column":0},"end":{"line":22,"column":18}},"22":{"start":{"line":23,"column":0},"end":{"line":23,"column":16}},"23":{"start":{"line":24,"column":0},"end":{"line":24,"column":5}},"24":{"start":{"line":25,"column":0},"end":{"line":25,"column":0}},"25":{"start":{"line":26,"column":0},"end":{"line":26,"column":34}},"26":{"start":{"line":27,"column":0},"end":{"line":27,"column":8}},"27":{"start":{"line":28,"column":0},"end":{"line":28,"column":66}},"28":{"start":{"line":29,"column":0},"end":{"line":29,"column":5}},"29":{"start":{"line":30,"column":0},"end":{"line":30,"column":30}},"30":{"start":{"line":31,"column":0},"end":{"line":31,"column":56}},"31":{"start":{"line":32,"column":0},"end":{"line":32,"column":5}},"32":{"start":{"line":33,"column":0},"end":{"line":33,"column":33}},"33":{"start":{"line":34,"column":0},"end":{"line":34,"column":64}},"34":{"start":{"line":35,"column":0},"end":{"line":35,"column":5}},"35":{"start":{"line":36,"column":0},"end":{"line":36,"column":0}},"36":{"start":{"line":37,"column":0},"end":{"line":37,"column":0}},"37":{"start":{"line":38,"column":0},"end":{"line":38,"column":36}},"38":{"start":{"line":39,"column":0},"end":{"line":39,"column":66}},"39":{"start":{"line":40,"column":0},"end":{"line":40,"column":5}},"40":{"start":{"line":41,"column":0},"end":{"line":41,"column":0}},"41":{"start":{"line":42,"column":0},"end":{"line":42,"column":0}},"42":{"start":{"line":43,"column":0},"end":{"line":43,"column":46}},"43":{"start":{"line":44,"column":0},"end":{"line":44,"column":64}},"44":{"start":{"line":45,"column":0},"end":{"line":45,"column":5}},"45":{"start":{"line":46,"column":0},"end":{"line":46,"column":0}},"46":{"start":{"line":47,"column":0},"end":{"line":47,"column":30}},"47":{"start":{"line":48,"column":0},"end":{"line":48,"column":65}},"48":{"start":{"line":49,"column":0},"end":{"line":49,"column":57}},"49":{"start":{"line":50,"column":0},"end":{"line":50,"column":77}},"50":{"start":{"line":51,"column":0},"end":{"line":51,"column":9}},"51":{"start":{"line":52,"column":0},"end":{"line":52,"column":8}},"52":{"start":{"line":53,"column":0},"end":{"line":53,"column":5}},"53":{"start":{"line":54,"column":0},"end":{"line":54,"column":51}},"54":{"start":{"line":55,"column":0},"end":{"line":55,"column":69}},"55":{"start":{"line":56,"column":0},"end":{"line":56,"column":5}},"56":{"start":{"line":57,"column":0},"end":{"line":57,"column":54}},"57":{"start":{"line":58,"column":0},"end":{"line":58,"column":72}},"58":{"start":{"line":59,"column":0},"end":{"line":59,"column":5}},"59":{"start":{"line":60,"column":0},"end":{"line":60,"column":0}},"60":{"start":{"line":61,"column":0},"end":{"line":61,"column":46}},"61":{"start":{"line":62,"column":0},"end":{"line":62,"column":77}},"62":{"start":{"line":63,"column":0},"end":{"line":63,"column":5}},"63":{"start":{"line":64,"column":0},"end":{"line":64,"column":0}},"64":{"start":{"line":65,"column":0},"end":{"line":65,"column":1}},"65":{"start":{"line":66,"column":0},"end":{"line":66,"column":50}}},"s":{"0":1,"1":1,"2":1,"3":1,"4":1,"5":1,"6":1,"7":1,"8":1,"9":1,"10":1,"11":1,"12":1,"13":1,"14":1,"15":1,"16":1,"17":1,"18":1,"19":1,"20":1,"21":1,"22":2,"23":2,"24":1,"25":1,"26":1,"27":1,"28":1,"29":1,"30":3,"31":3,"32":1,"33":2,"34":2,"35":1,"36":1,"37":1,"38":0,"39":0,"40":1,"41":1,"42":1,"43":0,"44":0,"45":1,"46":1,"47":0,"48":0,"49":0,"50":0,"51":0,"52":0,"53":1,"54":2,"55":2,"56":1,"57":1,"58":1,"59":1,"60":1,"61":3,"62":3,"63":1,"64":1,"65":1},"branchMap":{"0":{"type":"branch","line":22,"loc":{"start":{"line":22,"column":4},"end":{"line":24,"column":5}},"locations":[{"start":{"line":22,"column":4},"end":{"line":24,"column":5}}]},"1":{"type":"branch","line":9,"loc":{"start":{"line":9,"column":30},"end":{"line":9,"column":154}},"locations":[{"start":{"line":9,"column":30},"end":{"line":9,"column":154}}]},"2":{"type":"branch","line":13,"loc":{"start":{"line":13,"column":33},"end":{"line":13,"column":135}},"locations":[{"start":{"line":13,"column":33},"end":{"line":13,"column":135}}]},"3":{"type":"branch","line":14,"loc":{"start":{"line":14,"column":35},"end":{"line":14,"column":137}},"locations":[{"start":{"line":14,"column":35},"end":{"line":14,"column":137}}]},"4":{"type":"branch","line":26,"loc":{"start":{"line":26,"column":10},"end":{"line":29,"column":5}},"locations":[{"start":{"line":26,"column":10},"end":{"line":29,"column":5}}]},"5":{"type":"branch","line":30,"loc":{"start":{"line":30,"column":10},"end":{"line":32,"column":5}},"locations":[{"start":{"line":30,"column":10},"end":{"line":32,"column":5}}]},"6":{"type":"branch","line":33,"loc":{"start":{"line":33,"column":10},"end":{"line":35,"column":5}},"locations":[{"start":{"line":33,"column":10},"end":{"line":35,"column":5}}]},"7":{"type":"branch","line":54,"loc":{"start":{"line":54,"column":10},"end":{"line":56,"column":5}},"locations":[{"start":{"line":54,"column":10},"end":{"line":56,"column":5}}]},"8":{"type":"branch","line":57,"loc":{"start":{"line":57,"column":10},"end":{"line":59,"column":5}},"locations":[{"start":{"line":57,"column":10},"end":{"line":59,"column":5}}]},"9":{"type":"branch","line":61,"loc":{"start":{"line":61,"column":10},"end":{"line":63,"column":5}},"locations":[{"start":{"line":61,"column":10},"end":{"line":63,"column":5}}]}},"b":{"0":[2],"1":[3],"2":[2],"3":[1],"4":[1],"5":[3],"6":[2],"7":[2],"8":[1],"9":[3]},"fnMap":{"0":{"name":"shoppingcartPage","decl":{"start":{"line":22,"column":4},"end":{"line":24,"column":5}},"loc":{"start":{"line":22,"column":4},"end":{"line":24,"column":5}},"line":22},"1":{"name":"QuantityProduct","decl":{"start":{"line":9,"column":30},"end":{"line":9,"column":154}},"loc":{"start":{"line":9,"column":30},"end":{"line":9,"column":154}},"line":9},"2":{"name":"addQuantityProduct","decl":{"start":{"line":13,"column":33},"end":{"line":13,"column":135}},"loc":{"start":{"line":13,"column":33},"end":{"line":13,"column":135}},"line":13},"3":{"name":"removeQuantityProduct","decl":{"start":{"line":14,"column":35},"end":{"line":14,"column":137}},"loc":{"start":{"line":14,"column":35},"end":{"line":14,"column":137}},"line":14},"4":{"name":"removeProduct","decl":{"start":{"line":17,"column":28},"end":{"line":17,"column":141}},"loc":{"start":{"line":17,"column":28},"end":{"line":17,"column":141}},"line":17},"5":{"name":"locatorRemoveProduct","decl":{"start":{"line":18,"column":34},"end":{"line":18,"column":101}},"loc":{"start":{"line":18,"column":34},"end":{"line":18,"column":101}},"line":18},"6":{"name":"getshoppingCartBadge","decl":{"start":{"line":26,"column":10},"end":{"line":29,"column":5}},"loc":{"start":{"line":26,"column":10},"end":{"line":29,"column":5}},"line":26},"7":{"name":"clickToCloseCart","decl":{"start":{"line":30,"column":10},"end":{"line":32,"column":5}},"loc":{"start":{"line":30,"column":10},"end":{"line":32,"column":5}},"line":30},"8":{"name":"clickCheckoutButton","decl":{"start":{"line":33,"column":10},"end":{"line":35,"column":5}},"loc":{"start":{"line":33,"column":10},"end":{"line":35,"column":5}},"line":33},"9":{"name":"clickShoppingCartBadge","decl":{"start":{"line":38,"column":10},"end":{"line":40,"column":5}},"loc":{"start":{"line":38,"column":10},"end":{"line":40,"column":5}},"line":38},"10":{"name":"clickRemoveProduct","decl":{"start":{"line":43,"column":10},"end":{"line":45,"column":5}},"loc":{"start":{"line":43,"column":10},"end":{"line":45,"column":5}},"line":43},"11":{"name":"removeAllProducts","decl":{"start":{"line":47,"column":10},"end":{"line":53,"column":5}},"loc":{"start":{"line":47,"column":10},"end":{"line":53,"column":5}},"line":47},"12":{"name":"clickaddQuantityProduct","decl":{"start":{"line":54,"column":10},"end":{"line":56,"column":5}},"loc":{"start":{"line":54,"column":10},"end":{"line":56,"column":5}},"line":54},"13":{"name":"clickremoveQuantityProduct","decl":{"start":{"line":57,"column":10},"end":{"line":59,"column":5}},"loc":{"start":{"line":57,"column":10},"end":{"line":59,"column":5}},"line":57},"14":{"name":"getQuantityProduct","decl":{"start":{"line":61,"column":10},"end":{"line":63,"column":5}},"loc":{"start":{"line":61,"column":10},"end":{"line":63,"column":5}},"line":61}},"f":{"0":2,"1":3,"2":2,"3":1,"4":0,"5":0,"6":1,"7":3,"8":2,"9":0,"10":0,"11":0,"12":2,"13":1,"14":3}}
,"C:\\Users\\Administrador\\Documents\\GitHub\\Proyecto-Mod-final-6\\src\\pages\\components\\vendors.page.ts": {"path":"C:\\Users\\Administrador\\Documents\\GitHub\\Proyecto-Mod-final-6\\src\\pages\\components\\vendors.page.ts","all":false,"statementMap":{"0":{"start":{"line":1,"column":0},"end":{"line":1,"column":60}},"1":{"start":{"line":2,"column":0},"end":{"line":2,"column":40}},"2":{"start":{"line":3,"column":0},"end":{"line":3,"column":0}},"3":{"start":{"line":4,"column":0},"end":{"line":4,"column":0}},"4":{"start":{"line":5,"column":0},"end":{"line":5,"column":42}},"5":{"start":{"line":6,"column":0},"end":{"line":6,"column":56}},"6":{"start":{"line":7,"column":0},"end":{"line":7,"column":58}},"7":{"start":{"line":8,"column":0},"end":{"line":8,"column":56}},"8":{"start":{"line":9,"column":0},"end":{"line":9,"column":58}},"9":{"start":{"line":10,"column":0},"end":{"line":10,"column":77}},"10":{"start":{"line":11,"column":0},"end":{"line":11,"column":47}},"11":{"start":{"line":12,"column":0},"end":{"line":12,"column":0}},"12":{"start":{"line":13,"column":0},"end":{"line":13,"column":18}},"13":{"start":{"line":14,"column":0},"end":{"line":14,"column":16}},"14":{"start":{"line":15,"column":0},"end":{"line":15,"column":5}},"15":{"start":{"line":16,"column":0},"end":{"line":16,"column":34}},"16":{"start":{"line":17,"column":0},"end":{"line":17,"column":23}},"17":{"start":{"line":18,"column":0},"end":{"line":18,"column":25}},"18":{"start":{"line":19,"column":0},"end":{"line":19,"column":56}},"19":{"start":{"line":20,"column":0},"end":{"line":20,"column":18}},"20":{"start":{"line":21,"column":0},"end":{"line":21,"column":27}},"21":{"start":{"line":22,"column":0},"end":{"line":22,"column":58}},"22":{"start":{"line":23,"column":0},"end":{"line":23,"column":18}},"23":{"start":{"line":24,"column":0},"end":{"line":24,"column":26}},"24":{"start":{"line":25,"column":0},"end":{"line":25,"column":57}},"25":{"start":{"line":26,"column":0},"end":{"line":26,"column":18}},"26":{"start":{"line":27,"column":0},"end":{"line":27,"column":27}},"27":{"start":{"line":28,"column":0},"end":{"line":28,"column":58}},"28":{"start":{"line":29,"column":0},"end":{"line":29,"column":18}},"29":{"start":{"line":30,"column":0},"end":{"line":30,"column":5}},"30":{"start":{"line":31,"column":0},"end":{"line":31,"column":5}},"31":{"start":{"line":32,"column":0},"end":{"line":32,"column":31}},"32":{"start":{"line":33,"column":0},"end":{"line":33,"column":67}},"33":{"start":{"line":34,"column":0},"end":{"line":34,"column":1}},"34":{"start":{"line":35,"column":0},"end":{"line":35,"column":48}},"35":{"start":{"line":36,"column":0},"end":{"line":36,"column":61}},"36":{"start":{"line":37,"column":0},"end":{"line":37,"column":7}},"37":{"start":{"line":38,"column":0},"end":{"line":38,"column":5}},"38":{"start":{"line":39,"column":0},"end":{"line":39,"column":0}},"39":{"start":{"line":40,"column":0},"end":{"line":40,"column":1}},"40":{"start":{"line":41,"column":0},"end":{"line":41,"column":44}}},"s":{"0":1,"1":1,"2":1,"3":1,"4":1,"5":1,"6":1,"7":1,"8":1,"9":1,"10":1,"11":1,"12":1,"13":1,"14":1,"15":1,"16":8,"17":8,"18":2,"19":0,"20":8,"21":2,"22":0,"23":8,"24":2,"25":0,"26":8,"27":2,"28":0,"29":8,"30":8,"31":1,"32":4,"33":4,"34":4,"35":4,"36":4,"37":4,"38":1,"39":1,"40":1},"branchMap":{"0":{"type":"branch","line":13,"loc":{"start":{"line":13,"column":4},"end":{"line":15,"column":5}},"locations":[{"start":{"line":13,"column":4},"end":{"line":15,"column":5}}]},"1":{"type":"branch","line":16,"loc":{"start":{"line":16,"column":10},"end":{"line":31,"column":5}},"locations":[{"start":{"line":16,"column":10},"end":{"line":31,"column":5}}]},"2":{"type":"branch","line":18,"loc":{"start":{"line":18,"column":12},"end":{"line":20,"column":18}},"locations":[{"start":{"line":18,"column":12},"end":{"line":20,"column":18}}]},"3":{"type":"branch","line":20,"loc":{"start":{"line":20,"column":-2},"end":{"line":20,"column":18}},"locations":[{"start":{"line":20,"column":-2},"end":{"line":20,"column":18}}]},"4":{"type":"branch","line":21,"loc":{"start":{"line":21,"column":12},"end":{"line":23,"column":18}},"locations":[{"start":{"line":21,"column":12},"end":{"line":23,"column":18}}]},"5":{"type":"branch","line":23,"loc":{"start":{"line":23,"column":-2},"end":{"line":23,"column":18}},"locations":[{"start":{"line":23,"column":-2},"end":{"line":23,"column":18}}]},"6":{"type":"branch","line":24,"loc":{"start":{"line":24,"column":12},"end":{"line":26,"column":18}},"locations":[{"start":{"line":24,"column":12},"end":{"line":26,"column":18}}]},"7":{"type":"branch","line":26,"loc":{"start":{"line":26,"column":-2},"end":{"line":26,"column":18}},"locations":[{"start":{"line":26,"column":-2},"end":{"line":26,"column":18}}]},"8":{"type":"branch","line":27,"loc":{"start":{"line":27,"column":12},"end":{"line":29,"column":18}},"locations":[{"start":{"line":27,"column":12},"end":{"line":29,"column":18}}]},"9":{"type":"branch","line":29,"loc":{"start":{"line":29,"column":-2},"end":{"line":29,"column":18}},"locations":[{"start":{"line":29,"column":-2},"end":{"line":29,"column":18}}]},"10":{"type":"branch","line":32,"loc":{"start":{"line":32,"column":10},"end":{"line":38,"column":5}},"locations":[{"start":{"line":32,"column":10},"end":{"line":38,"column":5}}]}},"b":{"0":[1],"1":[8],"2":[2],"3":[0],"4":[2],"5":[0],"6":[2],"7":[0],"8":[2],"9":[0],"10":[4]},"fnMap":{"0":{"name":"vendorsPage","decl":{"start":{"line":13,"column":4},"end":{"line":15,"column":5}},"loc":{"start":{"line":13,"column":4},"end":{"line":15,"column":5}},"line":13},"1":{"name":"clickLink","decl":{"start":{"line":16,"column":10},"end":{"line":31,"column":5}},"loc":{"start":{"line":16,"column":10},"end":{"line":31,"column":5}},"line":16},"2":{"name":"getcantProductTxt","decl":{"start":{"line":32,"column":10},"end":{"line":38,"column":5}},"loc":{"start":{"line":32,"column":10},"end":{"line":38,"column":5}},"line":32}},"f":{"0":1,"1":8,"2":4}}
}
