TN:
SF:user-data.ts
FNF:0
FNH:0
DA:1,1
DA:2,1
DA:3,1
DA:4,1
DA:5,1
DA:6,1
DA:7,1
DA:8,1
DA:9,1
DA:10,1
DA:11,1
DA:12,1
DA:13,1
DA:14,1
DA:15,1
DA:16,1
LF:16
LH:16
BRF:0
BRH:0
end_of_record
TN:
SF:src\core\driver.ts
FN:11,Driver
FN:13,start
FN:30,get Page
FN:34,getInstance
FN:43,isElementDisplayed
FN:49,closeDriver
FN:55,browserFactory
FNF:7
FNH:6
FNDA:5,Driver
FNDA:5,start
FNDA:170,get Page
FNDA:5,getInstance
FNDA:0,isElementDisplayed
FNDA:1,closeDriver
FNDA:5,browserFactory
DA:1,1
DA:2,1
DA:3,1
DA:4,1
DA:5,1
DA:6,1
DA:7,1
DA:8,1
DA:9,1
DA:10,1
DA:11,1
DA:12,1
DA:13,1
DA:14,5
DA:15,5
DA:16,5
DA:17,5
DA:18,5
DA:19,5
DA:20,5
DA:21,5
DA:22,5
DA:23,5
DA:24,5
DA:25,5
DA:26,5
DA:27,5
DA:28,5
DA:29,1
DA:30,1
DA:31,170
DA:32,170
DA:33,1
DA:34,1
DA:35,5
DA:36,5
DA:37,5
DA:38,5
DA:39,5
DA:40,1
DA:41,1
DA:42,1
DA:43,1
DA:44,0
DA:45,0
DA:46,0
DA:47,0
DA:48,0
DA:49,1
DA:50,1
DA:51,1
DA:52,1
DA:53,1
DA:54,1
DA:55,1
DA:56,5
DA:57,5
DA:58,5
DA:59,5
DA:60,5
DA:61,5
DA:62,0
DA:63,0
DA:64,5
DA:65,5
DA:66,1
DA:67,1
DA:68,1
DA:69,1
DA:70,1
LF:70
LH:63
BRDA:11,0,0,5
BRDA:13,1,0,5
BRDA:30,2,0,170
BRDA:34,3,0,5
BRDA:49,4,0,1
BRDA:55,5,0,5
BRDA:61,6,0,0
BRF:7
BRH:6
end_of_record
TN:
SF:src\core\element-actions.ts
FN:5,click
FN:10,setText
FN:14,isElementVisible
FN:20,getElementText
FN:24,ClickText
FN:30,goto
FN:33,textContent
FN:38,fill
FN:42,innerText
FN:46,downloadFile
FN:50,waitForTimeout
FN:53,locatorCount
FN:60,screenshot
FN:65,close
FNF:14
FNH:9
FNDA:53,click
FNDA:0,setText
FNDA:0,isElementVisible
FNDA:5,getElementText
FNDA:0,ClickText
FNDA:5,goto
FNDA:7,textContent
FNDA:10,fill
FNDA:7,innerText
FNDA:0,downloadFile
FNDA:7,waitForTimeout
FNDA:3,locatorCount
FNDA:0,screenshot
FNDA:1,close
DA:1,1
DA:2,1
DA:3,1
DA:4,1
DA:5,1
DA:6,53
DA:7,53
DA:8,53
DA:9,1
DA:10,1
DA:11,0
DA:12,0
DA:13,0
DA:14,1
DA:15,0
DA:16,0
DA:17,0
DA:18,0
DA:19,0
DA:20,1
DA:21,5
DA:22,5
DA:23,5
DA:24,1
DA:25,0
DA:26,0
DA:27,0
DA:28,1
DA:29,1
DA:30,1
DA:31,5
DA:32,5
DA:33,1
DA:34,7
DA:35,7
DA:36,7
DA:37,1
DA:38,1
DA:39,10
DA:40,10
DA:41,1
DA:42,1
DA:43,7
DA:44,7
DA:45,1
DA:46,1
DA:47,0
DA:48,0
DA:49,1
DA:50,1
DA:51,7
DA:52,7
DA:53,1
DA:54,3
DA:55,3
DA:56,1
DA:57,1
DA:58,1
DA:59,1
DA:60,1
DA:61,0
DA:62,0
DA:63,0
DA:64,1
DA:65,1
DA:66,1
DA:67,1
DA:68,1
DA:69,1
LF:69
LH:53
BRDA:5,0,0,53
BRDA:20,1,0,5
BRDA:30,2,0,5
BRDA:33,3,0,7
BRDA:38,4,0,10
BRDA:42,5,0,7
BRDA:50,6,0,7
BRDA:53,7,0,3
BRDA:65,8,0,1
BRF:9
BRH:9
end_of_record
TN:
SF:src\pages\base.page.ts
FN:7,BasePage
FN:10,navigateTo
FN:13,getElementText
FN:16,clickElement
FNF:4
FNH:2
FNDA:16,BasePage
FNDA:5,navigateTo
FNDA:0,getElementText
FNDA:0,clickElement
DA:1,1
DA:2,1
DA:3,1
DA:4,1
DA:5,1
DA:6,1
DA:7,1
DA:8,16
DA:9,16
DA:10,1
DA:11,5
DA:12,5
DA:13,1
DA:14,0
DA:15,0
DA:16,1
DA:17,0
DA:18,0
DA:19,1
DA:20,1
LF:20
LH:16
BRDA:7,0,0,16
BRDA:10,1,0,5
BRF:2
BRH:2
end_of_record
TN:
SF:src\pages\checkout.page.ts
FN:29,CheckoutPage
FN:21,CheckoutPage.priceUnitProd
FN:33,checkoutInformation
FN:42,clickFinishOrderButton
FN:47,getCompleteOrderMessage
FN:50,checkoutTotal
FN:53,donwloadPdfLink
FN:64,calculateTotal
FNF:8
FNH:7
FNDA:2,CheckoutPage
FNDA:5,CheckoutPage.priceUnitProd
FNDA:2,checkoutInformation
FNDA:2,clickFinishOrderButton
FNDA:2,getCompleteOrderMessage
FNDA:2,checkoutTotal
FNDA:0,donwloadPdfLink
FNDA:2,calculateTotal
DA:1,1
DA:2,1
DA:3,1
DA:4,1
DA:5,1
DA:6,1
DA:7,1
DA:8,1
DA:9,1
DA:10,1
DA:11,1
DA:12,1
DA:13,1
DA:14,1
DA:15,1
DA:16,1
DA:17,1
DA:18,1
DA:19,1
DA:20,1
DA:21,1
DA:22,1
DA:23,1
DA:24,1
DA:25,1
DA:26,1
DA:27,1
DA:28,1
DA:29,1
DA:30,2
DA:31,2
DA:32,1
DA:33,1
DA:34,2
DA:35,2
DA:36,2
DA:37,2
DA:38,2
DA:39,2
DA:40,2
DA:41,1
DA:42,1
DA:43,2
DA:44,2
DA:45,1
DA:46,1
DA:47,1
DA:48,2
DA:49,2
DA:50,1
DA:51,2
DA:52,2
DA:53,1
DA:54,0
DA:55,0
DA:56,0
DA:57,0
DA:58,0
DA:59,0
DA:60,0
DA:61,0
DA:62,0
DA:63,1
DA:64,1
DA:65,2
DA:66,2
DA:67,2
DA:68,2
DA:69,5
DA:70,5
DA:71,5
DA:72,5
DA:73,5
DA:74,2
DA:75,2
DA:76,2
DA:77,1
DA:78,1
LF:78
LH:69
BRDA:29,0,0,2
BRDA:21,1,0,5
BRDA:33,2,0,2
BRDA:42,3,0,2
BRDA:47,4,0,2
BRDA:50,5,0,2
BRDA:64,6,0,2
BRDA:68,7,0,5
BRF:8
BRH:8
end_of_record
TN:
SF:src\pages\favourites.page.ts
FN:13,FavouritesPage
FN:7,FavouritesPage.itemAddCartButton
FN:9,FavouritesPage.removeFavourites
FN:16,addToCartItem
FN:19,itemremoveFavourites
FN:23,getcountProducts
FNF:6
FNH:6
FNDA:1,FavouritesPage
FNDA:2,FavouritesPage.itemAddCartButton
FNDA:2,FavouritesPage.removeFavourites
FNDA:2,addToCartItem
FNDA:2,itemremoveFavourites
FNDA:3,getcountProducts
DA:1,1
DA:2,1
DA:3,1
DA:4,1
DA:5,1
DA:6,1
DA:7,1
DA:8,1
DA:9,1
DA:10,1
DA:11,1
DA:12,1
DA:13,1
DA:14,1
DA:15,1
DA:16,1
DA:17,2
DA:18,2
DA:19,1
DA:20,2
DA:21,2
DA:22,1
DA:23,1
DA:24,3
DA:25,3
DA:26,3
DA:27,3
DA:28,1
DA:29,1
DA:30,1
LF:30
LH:30
BRDA:13,0,0,1
BRDA:7,1,0,2
BRDA:9,2,0,2
BRDA:16,3,0,2
BRDA:19,4,0,2
BRDA:23,5,0,3
BRF:6
BRH:6
end_of_record
TN:
SF:src\pages\login.page.ts
FN:17,LoginPage
FN:15,LoginPage.userType
FN:22,Login
FN:31,setUsername
FN:37,setPassword
FN:43,clickButton
FN:48,clickButtonlogin
FN:53,close
FNF:8
FNH:6
FNDA:5,LoginPage
FNDA:0,LoginPage.userType
FNDA:4,Login
FNDA:1,setUsername
FNDA:1,setPassword
FNDA:1,clickButton
FNDA:0,clickButtonlogin
FNDA:1,close
DA:1,1
DA:2,1
DA:3,1
DA:4,1
DA:5,1
DA:6,1
DA:7,1
DA:8,1
DA:9,1
DA:10,1
DA:11,1
DA:12,1
DA:13,1
DA:14,1
DA:15,1
DA:16,1
DA:17,1
DA:18,5
DA:19,5
DA:20,1
DA:21,1
DA:22,1
DA:23,4
DA:24,4
DA:25,4
DA:26,4
DA:27,4
DA:28,4
DA:29,4
DA:30,1
DA:31,1
DA:32,1
DA:33,1
DA:34,1
DA:35,1
DA:36,1
DA:37,1
DA:38,1
DA:39,1
DA:40,1
DA:41,1
DA:42,1
DA:43,1
DA:44,1
DA:45,1
DA:46,1
DA:47,1
DA:48,1
DA:49,0
DA:50,0
DA:51,0
DA:52,0
DA:53,1
DA:54,1
DA:55,1
DA:56,1
DA:57,1
DA:58,1
DA:59,1
LF:59
LH:55
BRDA:17,0,0,5
BRDA:22,1,0,4
BRDA:31,2,0,1
BRDA:37,3,0,1
BRDA:43,4,0,1
BRDA:53,5,0,1
BRF:6
BRH:6
end_of_record
TN:
SF:src\pages\products.page.ts
FN:10,ProductsPage
FN:7,ProductsPage.addtoFavourites
FN:14,ProductsPage.itemAddCartButton
FN:15,ProductsPage.itemRemoveCartButton
FN:18,addItemToFavourites
FN:21,addToCartItem
FN:24,validateRemoveButton
FN:30,validatelogin
FNF:8
FNH:5
FNDA:2,ProductsPage
FNDA:2,ProductsPage.addtoFavourites
FNDA:3,ProductsPage.itemAddCartButton
FNDA:0,ProductsPage.itemRemoveCartButton
FNDA:2,addItemToFavourites
FNDA:3,addToCartItem
FNDA:0,validateRemoveButton
FNDA:0,validatelogin
DA:1,1
DA:2,1
DA:3,1
DA:4,1
DA:5,1
DA:6,1
DA:7,1
DA:8,1
DA:9,1
DA:10,1
DA:11,2
DA:12,2
DA:13,1
DA:14,1
DA:15,1
DA:16,1
DA:17,1
DA:18,1
DA:19,2
DA:20,2
DA:21,1
DA:22,3
DA:23,3
DA:24,1
DA:25,0
DA:26,0
DA:27,0
DA:28,1
DA:29,1
DA:30,1
DA:31,0
DA:32,0
DA:33,1
DA:34,1
DA:35,1
DA:36,1
DA:37,1
LF:37
LH:32
BRDA:10,0,0,2
BRDA:7,1,0,2
BRDA:14,2,0,3
BRDA:18,3,0,2
BRDA:21,4,0,3
BRF:5
BRH:5
end_of_record
TN:
SF:src\pages\components\header.page.ts
FN:17,headerPage
FN:20,clickLink
FN:43,getLoginTxt
FNF:3
FNH:3
FNDA:3,headerPage
FNDA:4,clickLink
FNDA:2,getLoginTxt
DA:1,1
DA:2,1
DA:3,1
DA:4,1
DA:5,1
DA:6,1
DA:7,1
DA:8,1
DA:9,1
DA:10,1
DA:11,1
DA:12,1
DA:13,1
DA:14,1
DA:15,1
DA:16,1
DA:17,1
DA:18,3
DA:19,3
DA:20,1
DA:21,4
DA:22,4
DA:23,0
DA:24,0
DA:25,4
DA:26,0
DA:27,0
DA:28,4
DA:29,0
DA:30,0
DA:31,4
DA:32,2
DA:33,0
DA:34,4
DA:35,2
DA:36,0
DA:37,4
DA:38,0
DA:39,0
DA:40,4
DA:41,4
DA:42,4
DA:43,1
DA:44,2
DA:45,2
DA:46,1
DA:47,1
LF:47
LH:37
BRDA:17,0,0,3
BRDA:20,1,0,4
BRDA:22,2,0,0
BRDA:25,3,0,0
BRDA:28,4,0,0
BRDA:31,5,0,2
BRDA:33,6,0,0
BRDA:34,7,0,2
BRDA:36,8,0,0
BRDA:37,9,0,0
BRDA:43,10,0,2
BRF:11
BRH:5
end_of_record
TN:
SF:src\pages\components\shoppingcart.page.ts
FN:22,shoppingcartPage
FN:9,QuantityProduct
FN:13,addQuantityProduct
FN:14,removeQuantityProduct
FN:17,removeProduct
FN:18,locatorRemoveProduct
FN:26,getshoppingCartBadge
FN:30,clickToCloseCart
FN:33,clickCheckoutButton
FN:38,clickShoppingCartBadge
FN:43,clickRemoveProduct
FN:47,removeAllProducts
FN:54,clickaddQuantityProduct
FN:57,clickremoveQuantityProduct
FN:61,getQuantityProduct
FNF:15
FNH:10
FNDA:2,shoppingcartPage
FNDA:3,QuantityProduct
FNDA:2,addQuantityProduct
FNDA:1,removeQuantityProduct
FNDA:0,removeProduct
FNDA:0,locatorRemoveProduct
FNDA:1,getshoppingCartBadge
FNDA:3,clickToCloseCart
FNDA:2,clickCheckoutButton
FNDA:0,clickShoppingCartBadge
FNDA:0,clickRemoveProduct
FNDA:0,removeAllProducts
FNDA:2,clickaddQuantityProduct
FNDA:1,clickremoveQuantityProduct
FNDA:3,getQuantityProduct
DA:1,1
DA:2,1
DA:3,1
DA:4,1
DA:5,1
DA:6,1
DA:7,1
DA:8,1
DA:9,1
DA:10,1
DA:11,1
DA:12,1
DA:13,1
DA:14,1
DA:15,1
DA:16,1
DA:17,1
DA:18,1
DA:19,1
DA:20,1
DA:21,1
DA:22,1
DA:23,2
DA:24,2
DA:25,1
DA:26,1
DA:27,1
DA:28,1
DA:29,1
DA:30,1
DA:31,3
DA:32,3
DA:33,1
DA:34,2
DA:35,2
DA:36,1
DA:37,1
DA:38,1
DA:39,0
DA:40,0
DA:41,1
DA:42,1
DA:43,1
DA:44,0
DA:45,0
DA:46,1
DA:47,1
DA:48,0
DA:49,0
DA:50,0
DA:51,0
DA:52,0
DA:53,0
DA:54,1
DA:55,2
DA:56,2
DA:57,1
DA:58,1
DA:59,1
DA:60,1
DA:61,1
DA:62,3
DA:63,3
DA:64,1
DA:65,1
DA:66,1
LF:66
LH:56
BRDA:22,0,0,2
BRDA:9,1,0,3
BRDA:13,2,0,2
BRDA:14,3,0,1
BRDA:26,4,0,1
BRDA:30,5,0,3
BRDA:33,6,0,2
BRDA:54,7,0,2
BRDA:57,8,0,1
BRDA:61,9,0,3
BRF:10
BRH:10
end_of_record
TN:
SF:src\pages\components\vendors.page.ts
FN:13,vendorsPage
FN:16,clickLink
FN:32,getcantProductTxt
FNF:3
FNH:3
FNDA:1,vendorsPage
FNDA:8,clickLink
FNDA:4,getcantProductTxt
DA:1,1
DA:2,1
DA:3,1
DA:4,1
DA:5,1
DA:6,1
DA:7,1
DA:8,1
DA:9,1
DA:10,1
DA:11,1
DA:12,1
DA:13,1
DA:14,1
DA:15,1
DA:16,1
DA:17,8
DA:18,8
DA:19,2
DA:20,0
DA:21,8
DA:22,2
DA:23,0
DA:24,8
DA:25,2
DA:26,0
DA:27,8
DA:28,2
DA:29,0
DA:30,8
DA:31,8
DA:32,1
DA:33,4
DA:34,4
DA:35,4
DA:36,4
DA:37,4
DA:38,4
DA:39,1
DA:40,1
DA:41,1
LF:41
LH:37
BRDA:13,0,0,1
BRDA:16,1,0,8
BRDA:18,2,0,2
BRDA:20,3,0,0
BRDA:21,4,0,2
BRDA:23,5,0,0
BRDA:24,6,0,2
BRDA:26,7,0,0
BRDA:27,8,0,2
BRDA:29,9,0,0
BRDA:32,10,0,4
BRF:11
BRH:7
end_of_record
