TN:
SF:user-data.ts
FNF:0
FNH:0
DA:1,1
DA:2,1
DA:3,1
DA:4,1
DA:5,1
DA:6,1
DA:7,1
DA:8,1
DA:9,1
DA:10,1
DA:11,1
DA:12,1
DA:13,1
DA:14,1
DA:15,1
DA:16,1
LF:16
LH:16
BRF:0
BRH:0
end_of_record
TN:
SF:src\core\driver.ts
FN:11,Driver
FN:13,start
FN:30,get Page
FN:34,getInstance
FN:43,isElementDisplayed
FN:49,closeDriver
FN:55,browserFactory
FNF:7
FNH:6
FNDA:1,Driver
FNDA:1,start
FNDA:51,get Page
FNDA:1,getInstance
FNDA:0,isElementDisplayed
FNDA:1,closeDriver
FNDA:1,browserFactory
DA:1,1
DA:2,1
DA:3,1
DA:4,1
DA:5,1
DA:6,1
DA:7,1
DA:8,1
DA:9,1
DA:10,1
DA:11,1
DA:12,1
DA:13,1
DA:14,1
DA:15,1
DA:16,1
DA:17,1
DA:18,1
DA:19,1
DA:20,1
DA:21,1
DA:22,1
DA:23,1
DA:24,1
DA:25,1
DA:26,1
DA:27,1
DA:28,1
DA:29,1
DA:30,1
DA:31,51
DA:32,51
DA:33,1
DA:34,1
DA:35,1
DA:36,1
DA:37,1
DA:38,1
DA:39,1
DA:40,1
DA:41,1
DA:42,1
DA:43,1
DA:44,0
DA:45,0
DA:46,0
DA:47,0
DA:48,0
DA:49,1
DA:50,1
DA:51,1
DA:52,1
DA:53,1
DA:54,1
DA:55,1
DA:56,1
DA:57,1
DA:58,1
DA:59,1
DA:60,1
DA:61,1
DA:62,0
DA:63,0
DA:64,1
DA:65,1
DA:66,1
DA:67,1
DA:68,1
DA:69,1
DA:70,1
LF:70
LH:63
BRDA:11,0,0,1
BRDA:13,1,0,1
BRDA:30,2,0,51
BRDA:34,3,0,1
BRDA:49,4,0,1
BRDA:55,5,0,1
BRDA:61,6,0,0
BRF:7
BRH:6
end_of_record
TN:
SF:src\core\element-actions.ts
FN:5,click
FN:10,setText
FN:14,isElementVisible
FN:20,getElementText
FN:24,ClickText
FN:30,goto
FN:33,textContent
FN:38,fill
FN:42,innerText
FN:46,downloadFile
FN:50,waitForTimeout
FN:53,locatorCount
FN:60,screenshot
FN:65,close
FNF:14
FNH:6
FNDA:14,click
FNDA:0,setText
FNDA:0,isElementVisible
FNDA:3,getElementText
FNDA:0,ClickText
FNDA:1,goto
FNDA:1,textContent
FNDA:5,fill
FNDA:5,innerText
FNDA:0,downloadFile
FNDA:0,waitForTimeout
FNDA:0,locatorCount
FNDA:0,screenshot
FNDA:0,close
DA:1,1
DA:2,1
DA:3,1
DA:4,1
DA:5,1
DA:6,14
DA:7,14
DA:8,14
DA:9,1
DA:10,1
DA:11,0
DA:12,0
DA:13,0
DA:14,1
DA:15,0
DA:16,0
DA:17,0
DA:18,0
DA:19,0
DA:20,1
DA:21,3
DA:22,3
DA:23,3
DA:24,1
DA:25,0
DA:26,0
DA:27,0
DA:28,1
DA:29,1
DA:30,1
DA:31,1
DA:32,1
DA:33,1
DA:34,1
DA:35,1
DA:36,1
DA:37,1
DA:38,1
DA:39,5
DA:40,5
DA:41,1
DA:42,1
DA:43,5
DA:44,5
DA:45,1
DA:46,1
DA:47,0
DA:48,0
DA:49,1
DA:50,1
DA:51,0
DA:52,0
DA:53,1
DA:54,0
DA:55,0
DA:56,1
DA:57,1
DA:58,1
DA:59,1
DA:60,1
DA:61,0
DA:62,0
DA:63,0
DA:64,1
DA:65,1
DA:66,0
DA:67,0
DA:68,1
DA:69,1
LF:69
LH:47
BRDA:5,0,0,14
BRDA:20,1,0,3
BRDA:30,2,0,1
BRDA:33,3,0,1
BRDA:38,4,0,5
BRDA:42,5,0,5
BRF:6
BRH:6
end_of_record
TN:
SF:src\pages\base.page.ts
FN:7,BasePage
FN:10,navigateTo
FN:13,getElementText
FN:16,clickElement
FNF:4
FNH:2
FNDA:5,BasePage
FNDA:1,navigateTo
FNDA:0,getElementText
FNDA:0,clickElement
DA:1,1
DA:2,1
DA:3,1
DA:4,1
DA:5,1
DA:6,1
DA:7,1
DA:8,5
DA:9,5
DA:10,1
DA:11,1
DA:12,1
DA:13,1
DA:14,0
DA:15,0
DA:16,1
DA:17,0
DA:18,0
DA:19,1
DA:20,1
LF:20
LH:16
BRDA:7,0,0,5
BRDA:10,1,0,1
BRF:2
BRH:2
end_of_record
TN:
SF:src\pages\checkout.page.ts
FN:29,CheckoutPage
FN:21,CheckoutPage.priceUnitProd
FN:33,checkoutInformation
FN:42,clickFinishOrderButton
FN:47,getCompleteOrderMessage
FN:50,checkoutTotal
FN:53,donwloadPdfLink
FN:64,calculateTotal
FNF:8
FNH:7
FNDA:1,CheckoutPage
FNDA:3,CheckoutPage.priceUnitProd
FNDA:1,checkoutInformation
FNDA:1,clickFinishOrderButton
FNDA:1,getCompleteOrderMessage
FNDA:1,checkoutTotal
FNDA:0,donwloadPdfLink
FNDA:1,calculateTotal
DA:1,1
DA:2,1
DA:3,1
DA:4,1
DA:5,1
DA:6,1
DA:7,1
DA:8,1
DA:9,1
DA:10,1
DA:11,1
DA:12,1
DA:13,1
DA:14,1
DA:15,1
DA:16,1
DA:17,1
DA:18,1
DA:19,1
DA:20,1
DA:21,1
DA:22,1
DA:23,1
DA:24,1
DA:25,1
DA:26,1
DA:27,1
DA:28,1
DA:29,1
DA:30,1
DA:31,1
DA:32,1
DA:33,1
DA:34,1
DA:35,1
DA:36,1
DA:37,1
DA:38,1
DA:39,1
DA:40,1
DA:41,1
DA:42,1
DA:43,1
DA:44,1
DA:45,1
DA:46,1
DA:47,1
DA:48,1
DA:49,1
DA:50,1
DA:51,1
DA:52,1
DA:53,1
DA:54,0
DA:55,0
DA:56,0
DA:57,0
DA:58,0
DA:59,0
DA:60,0
DA:61,0
DA:62,0
DA:63,1
DA:64,1
DA:65,1
DA:66,1
DA:67,1
DA:68,1
DA:69,3
DA:70,3
DA:71,3
DA:72,3
DA:73,3
DA:74,1
DA:75,1
DA:76,1
DA:77,1
DA:78,1
LF:78
LH:69
BRDA:29,0,0,1
BRDA:21,1,0,3
BRDA:33,2,0,1
BRDA:42,3,0,1
BRDA:47,4,0,1
BRDA:50,5,0,1
BRDA:64,6,0,1
BRDA:68,7,0,3
BRF:8
BRH:8
end_of_record
TN:
SF:src\pages\login.page.ts
FN:17,LoginPage
FN:15,LoginPage.userType
FN:22,Login
FN:31,setUsername
FN:37,setPassword
FN:43,clickButton
FN:48,clickButtonlogin
FN:53,close
FNF:8
FNH:2
FNDA:1,LoginPage
FNDA:0,LoginPage.userType
FNDA:1,Login
FNDA:0,setUsername
FNDA:0,setPassword
FNDA:0,clickButton
FNDA:0,clickButtonlogin
FNDA:0,close
DA:1,1
DA:2,1
DA:3,1
DA:4,1
DA:5,1
DA:6,1
DA:7,1
DA:8,1
DA:9,1
DA:10,1
DA:11,1
DA:12,1
DA:13,1
DA:14,1
DA:15,1
DA:16,1
DA:17,1
DA:18,1
DA:19,1
DA:20,1
DA:21,1
DA:22,1
DA:23,1
DA:24,1
DA:25,1
DA:26,1
DA:27,1
DA:28,1
DA:29,1
DA:30,1
DA:31,1
DA:32,0
DA:33,0
DA:34,0
DA:35,0
DA:36,0
DA:37,1
DA:38,0
DA:39,0
DA:40,0
DA:41,0
DA:42,0
DA:43,1
DA:44,0
DA:45,0
DA:46,0
DA:47,0
DA:48,1
DA:49,0
DA:50,0
DA:51,0
DA:52,0
DA:53,1
DA:54,0
DA:55,0
DA:56,0
DA:57,0
DA:58,1
DA:59,1
LF:59
LH:37
BRDA:17,0,0,1
BRDA:22,1,0,1
BRF:2
BRH:2
end_of_record
TN:
SF:src\pages\products.page.ts
FN:10,ProductsPage
FN:7,ProductsPage.addtoFavourites
FN:14,ProductsPage.itemAddCartButton
FN:15,ProductsPage.itemRemoveCartButton
FN:18,addItemToFavourites
FN:21,addToCartItem
FN:24,validateRemoveButton
FN:30,validatelogin
FNF:8
FNH:3
FNDA:1,ProductsPage
FNDA:0,ProductsPage.addtoFavourites
FNDA:3,ProductsPage.itemAddCartButton
FNDA:0,ProductsPage.itemRemoveCartButton
FNDA:0,addItemToFavourites
FNDA:3,addToCartItem
FNDA:0,validateRemoveButton
FNDA:0,validatelogin
DA:1,1
DA:2,1
DA:3,1
DA:4,1
DA:5,1
DA:6,1
DA:7,1
DA:8,1
DA:9,1
DA:10,1
DA:11,1
DA:12,1
DA:13,1
DA:14,1
DA:15,1
DA:16,1
DA:17,1
DA:18,1
DA:19,0
DA:20,0
DA:21,1
DA:22,3
DA:23,3
DA:24,1
DA:25,0
DA:26,0
DA:27,0
DA:28,1
DA:29,1
DA:30,1
DA:31,0
DA:32,0
DA:33,1
DA:34,1
DA:35,1
DA:36,1
DA:37,1
LF:37
LH:30
BRDA:10,0,0,1
BRDA:14,1,0,3
BRDA:21,2,0,3
BRF:3
BRH:3
end_of_record
TN:
SF:src\pages\components\header.page.ts
FN:17,headerPage
FN:20,clickLink
FN:43,getLoginTxt
FNF:3
FNH:3
FNDA:1,headerPage
FNDA:1,clickLink
FNDA:1,getLoginTxt
DA:1,1
DA:2,1
DA:3,1
DA:4,1
DA:5,1
DA:6,1
DA:7,1
DA:8,1
DA:9,1
DA:10,1
DA:11,1
DA:12,1
DA:13,1
DA:14,1
DA:15,1
DA:16,1
DA:17,1
DA:18,1
DA:19,1
DA:20,1
DA:21,1
DA:22,1
DA:23,0
DA:24,0
DA:25,1
DA:26,0
DA:27,0
DA:28,1
DA:29,0
DA:30,0
DA:31,1
DA:32,0
DA:33,0
DA:34,1
DA:35,1
DA:36,0
DA:37,1
DA:38,0
DA:39,0
DA:40,1
DA:41,1
DA:42,1
DA:43,1
DA:44,1
DA:45,1
DA:46,1
DA:47,1
LF:47
LH:36
BRDA:17,0,0,1
BRDA:20,1,0,1
BRDA:22,2,0,0
BRDA:25,3,0,0
BRDA:28,4,0,0
BRDA:31,5,0,0
BRDA:36,6,0,0
BRDA:37,7,0,0
BRDA:43,8,0,1
BRF:9
BRH:3
end_of_record
TN:
SF:src\pages\components\shoppingcart.page.ts
FN:22,shoppingcartPage
FN:9,QuantityProduct
FN:13,addQuantityProduct
FN:14,removeQuantityProduct
FN:17,removeProduct
FN:18,locatorRemoveProduct
FN:26,getshoppingCartBadge
FN:30,clickToCloseCart
FN:33,clickCheckoutButton
FN:38,clickShoppingCartBadge
FN:43,clickRemoveProduct
FN:47,removeAllProducts
FN:54,clickaddQuantityProduct
FN:57,clickremoveQuantityProduct
FN:61,getQuantityProduct
FNF:15
FNH:9
FNDA:1,shoppingcartPage
FNDA:3,QuantityProduct
FNDA:2,addQuantityProduct
FNDA:1,removeQuantityProduct
FNDA:0,removeProduct
FNDA:0,locatorRemoveProduct
FNDA:0,getshoppingCartBadge
FNDA:2,clickToCloseCart
FNDA:1,clickCheckoutButton
FNDA:0,clickShoppingCartBadge
FNDA:0,clickRemoveProduct
FNDA:0,removeAllProducts
FNDA:2,clickaddQuantityProduct
FNDA:1,clickremoveQuantityProduct
FNDA:3,getQuantityProduct
DA:1,1
DA:2,1
DA:3,1
DA:4,1
DA:5,1
DA:6,1
DA:7,1
DA:8,1
DA:9,1
DA:10,1
DA:11,1
DA:12,1
DA:13,1
DA:14,1
DA:15,1
DA:16,1
DA:17,1
DA:18,1
DA:19,1
DA:20,1
DA:21,1
DA:22,1
DA:23,1
DA:24,1
DA:25,1
DA:26,1
DA:27,0
DA:28,0
DA:29,0
DA:30,1
DA:31,2
DA:32,2
DA:33,1
DA:34,1
DA:35,1
DA:36,1
DA:37,1
DA:38,1
DA:39,0
DA:40,0
DA:41,1
DA:42,1
DA:43,1
DA:44,0
DA:45,0
DA:46,1
DA:47,1
DA:48,0
DA:49,0
DA:50,0
DA:51,0
DA:52,0
DA:53,0
DA:54,1
DA:55,2
DA:56,2
DA:57,1
DA:58,1
DA:59,1
DA:60,1
DA:61,1
DA:62,3
DA:63,3
DA:64,1
DA:65,1
DA:66,1
LF:66
LH:53
BRDA:22,0,0,1
BRDA:9,1,0,3
BRDA:13,2,0,2
BRDA:14,3,0,1
BRDA:30,4,0,2
BRDA:33,5,0,1
BRDA:54,6,0,2
BRDA:57,7,0,1
BRDA:61,8,0,3
BRF:9
BRH:9
end_of_record
